{"/Users/pawelzajaczkowski/Desktop/Paweł/WebDev/React/Manual Boarding/src/App.tsx": {"path":"/Users/pawelzajaczkowski/Desktop/Paweł/WebDev/React/Manual Boarding/src/App.tsx","all":false,"statementMap":{"0":{"start":{"line":1,"column":0},"end":{"line":1,"column":51}},"1":{"start":{"line":2,"column":0},"end":{"line":2,"column":55}},"2":{"start":{"line":3,"column":0},"end":{"line":3,"column":52}},"3":{"start":{"line":4,"column":0},"end":{"line":4,"column":70}},"4":{"start":{"line":5,"column":0},"end":{"line":5,"column":73}},"5":{"start":{"line":6,"column":0},"end":{"line":6,"column":52}},"6":{"start":{"line":7,"column":0},"end":{"line":7,"column":55}},"7":{"start":{"line":8,"column":0},"end":{"line":8,"column":48}},"8":{"start":{"line":9,"column":0},"end":{"line":9,"column":52}},"9":{"start":{"line":10,"column":0},"end":{"line":10,"column":60}},"10":{"start":{"line":11,"column":0},"end":{"line":11,"column":52}},"11":{"start":{"line":12,"column":0},"end":{"line":12,"column":54}},"12":{"start":{"line":13,"column":0},"end":{"line":13,"column":0}},"13":{"start":{"line":14,"column":0},"end":{"line":14,"column":26}},"14":{"start":{"line":15,"column":0},"end":{"line":15,"column":68}},"15":{"start":{"line":16,"column":0},"end":{"line":16,"column":73}},"16":{"start":{"line":17,"column":0},"end":{"line":17,"column":46}},"17":{"start":{"line":18,"column":0},"end":{"line":18,"column":60}},"18":{"start":{"line":19,"column":0},"end":{"line":19,"column":0}},"19":{"start":{"line":20,"column":0},"end":{"line":20,"column":19}},"20":{"start":{"line":21,"column":0},"end":{"line":21,"column":25}},"21":{"start":{"line":22,"column":0},"end":{"line":22,"column":22}},"22":{"start":{"line":23,"column":0},"end":{"line":23,"column":0}},"23":{"start":{"line":24,"column":0},"end":{"line":24,"column":36}},"24":{"start":{"line":25,"column":0},"end":{"line":25,"column":19}},"25":{"start":{"line":26,"column":0},"end":{"line":26,"column":4}},"26":{"start":{"line":27,"column":0},"end":{"line":27,"column":36}},"27":{"start":{"line":28,"column":0},"end":{"line":28,"column":35}},"28":{"start":{"line":29,"column":0},"end":{"line":29,"column":43}},"29":{"start":{"line":30,"column":0},"end":{"line":30,"column":4}},"30":{"start":{"line":31,"column":0},"end":{"line":31,"column":39}},"31":{"start":{"line":32,"column":0},"end":{"line":32,"column":29}},"32":{"start":{"line":33,"column":0},"end":{"line":33,"column":38}},"33":{"start":{"line":34,"column":0},"end":{"line":34,"column":21}},"34":{"start":{"line":35,"column":0},"end":{"line":35,"column":4}},"35":{"start":{"line":36,"column":0},"end":{"line":36,"column":0}},"36":{"start":{"line":37,"column":0},"end":{"line":37,"column":76}},"37":{"start":{"line":38,"column":0},"end":{"line":38,"column":41}},"38":{"start":{"line":39,"column":0},"end":{"line":39,"column":72}},"39":{"start":{"line":40,"column":0},"end":{"line":40,"column":24}},"40":{"start":{"line":41,"column":0},"end":{"line":41,"column":38}},"41":{"start":{"line":42,"column":0},"end":{"line":42,"column":31}},"42":{"start":{"line":43,"column":0},"end":{"line":43,"column":12}},"43":{"start":{"line":44,"column":0},"end":{"line":44,"column":58}},"44":{"start":{"line":45,"column":0},"end":{"line":45,"column":5}},"45":{"start":{"line":46,"column":0},"end":{"line":46,"column":4}},"46":{"start":{"line":47,"column":0},"end":{"line":47,"column":0}},"47":{"start":{"line":48,"column":0},"end":{"line":48,"column":30}},"48":{"start":{"line":49,"column":0},"end":{"line":49,"column":37}},"49":{"start":{"line":50,"column":0},"end":{"line":50,"column":4}},"50":{"start":{"line":51,"column":0},"end":{"line":51,"column":10}},"51":{"start":{"line":52,"column":0},"end":{"line":52,"column":6}},"52":{"start":{"line":53,"column":0},"end":{"line":53,"column":15}},"53":{"start":{"line":54,"column":0},"end":{"line":54,"column":56}},"54":{"start":{"line":55,"column":0},"end":{"line":55,"column":26}},"55":{"start":{"line":56,"column":0},"end":{"line":56,"column":64}},"56":{"start":{"line":57,"column":0},"end":{"line":57,"column":49}},"57":{"start":{"line":58,"column":0},"end":{"line":58,"column":18}},"58":{"start":{"line":59,"column":0},"end":{"line":59,"column":56}},"59":{"start":{"line":60,"column":0},"end":{"line":60,"column":21}},"60":{"start":{"line":61,"column":0},"end":{"line":61,"column":38}},"61":{"start":{"line":62,"column":0},"end":{"line":62,"column":45}},"62":{"start":{"line":63,"column":0},"end":{"line":63,"column":44}},"63":{"start":{"line":64,"column":0},"end":{"line":64,"column":40}},"64":{"start":{"line":65,"column":0},"end":{"line":65,"column":38}},"65":{"start":{"line":66,"column":0},"end":{"line":66,"column":10}},"66":{"start":{"line":67,"column":0},"end":{"line":67,"column":16}},"67":{"start":{"line":68,"column":0},"end":{"line":68,"column":16}},"68":{"start":{"line":69,"column":0},"end":{"line":69,"column":7}},"69":{"start":{"line":70,"column":0},"end":{"line":70,"column":4}},"70":{"start":{"line":71,"column":0},"end":{"line":71,"column":2}}},"s":{"0":1,"1":1,"2":1,"3":1,"4":1,"5":1,"6":1,"7":1,"8":1,"9":1,"10":1,"11":1,"12":1,"13":1,"14":23,"15":23,"16":23,"17":23,"18":23,"19":23,"20":10,"21":23,"22":23,"23":23,"24":1,"25":1,"26":23,"27":10,"28":10,"29":10,"30":23,"31":2,"32":2,"33":2,"34":2,"35":23,"36":23,"37":2,"38":2,"39":2,"40":1,"41":1,"42":1,"43":1,"44":1,"45":2,"46":23,"47":23,"48":1,"49":1,"50":23,"51":23,"52":23,"53":23,"54":23,"55":23,"56":23,"57":23,"58":23,"59":23,"60":23,"61":23,"62":23,"63":23,"64":23,"65":23,"66":23,"67":23,"68":23,"69":23,"70":23},"branchMap":{"0":{"type":"branch","line":14,"loc":{"start":{"line":14,"column":19},"end":{"line":71,"column":2}},"locations":[{"start":{"line":14,"column":19},"end":{"line":71,"column":2}}]},"1":{"type":"branch","line":16,"loc":{"start":{"line":16,"column":41},"end":{"line":16,"column":71}},"locations":[{"start":{"line":16,"column":41},"end":{"line":16,"column":71}}]},"2":{"type":"branch","line":18,"loc":{"start":{"line":18,"column":35},"end":{"line":18,"column":58}},"locations":[{"start":{"line":18,"column":35},"end":{"line":18,"column":58}}]},"3":{"type":"branch","line":20,"loc":{"start":{"line":20,"column":12},"end":{"line":22,"column":5}},"locations":[{"start":{"line":20,"column":12},"end":{"line":22,"column":5}}]},"4":{"type":"branch","line":24,"loc":{"start":{"line":24,"column":29},"end":{"line":26,"column":4}},"locations":[{"start":{"line":24,"column":29},"end":{"line":26,"column":4}}]},"5":{"type":"branch","line":27,"loc":{"start":{"line":27,"column":29},"end":{"line":30,"column":4}},"locations":[{"start":{"line":27,"column":29},"end":{"line":30,"column":4}}]},"6":{"type":"branch","line":31,"loc":{"start":{"line":31,"column":32},"end":{"line":35,"column":4}},"locations":[{"start":{"line":31,"column":32},"end":{"line":35,"column":4}}]},"7":{"type":"branch","line":37,"loc":{"start":{"line":37,"column":30},"end":{"line":46,"column":4}},"locations":[{"start":{"line":37,"column":30},"end":{"line":46,"column":4}}]},"8":{"type":"branch","line":40,"loc":{"start":{"line":40,"column":23},"end":{"line":45,"column":5}},"locations":[{"start":{"line":40,"column":23},"end":{"line":45,"column":5}}]},"9":{"type":"branch","line":39,"loc":{"start":{"line":39,"column":38},"end":{"line":39,"column":70}},"locations":[{"start":{"line":39,"column":38},"end":{"line":39,"column":70}}]},"10":{"type":"branch","line":48,"loc":{"start":{"line":48,"column":23},"end":{"line":50,"column":4}},"locations":[{"start":{"line":48,"column":23},"end":{"line":50,"column":4}}]}},"b":{"0":[23],"1":[0],"2":[9],"3":[10],"4":[1],"5":[10],"6":[2],"7":[2],"8":[1],"9":[6],"10":[1]},"fnMap":{"0":{"name":"App","decl":{"start":{"line":14,"column":19},"end":{"line":71,"column":2}},"loc":{"start":{"line":14,"column":19},"end":{"line":71,"column":2}},"line":14},"1":{"name":"handlePrintSeatMap","decl":{"start":{"line":24,"column":29},"end":{"line":26,"column":4}},"loc":{"start":{"line":24,"column":29},"end":{"line":26,"column":4}},"line":24},"2":{"name":"handleClearSeatMap","decl":{"start":{"line":27,"column":29},"end":{"line":30,"column":4}},"loc":{"start":{"line":27,"column":29},"end":{"line":30,"column":4}},"line":27},"3":{"name":"handleGenerateSeatMap","decl":{"start":{"line":31,"column":32},"end":{"line":35,"column":4}},"loc":{"start":{"line":31,"column":32},"end":{"line":35,"column":4}},"line":31},"4":{"name":"handleSelectedPlane","decl":{"start":{"line":37,"column":30},"end":{"line":46,"column":4}},"loc":{"start":{"line":37,"column":30},"end":{"line":46,"column":4}},"line":37},"5":{"name":"handleTotals","decl":{"start":{"line":48,"column":23},"end":{"line":50,"column":4}},"loc":{"start":{"line":48,"column":23},"end":{"line":50,"column":4}},"line":48}},"f":{"0":23,"1":1,"2":10,"3":2,"4":2,"5":1}}
,"/Users/pawelzajaczkowski/Desktop/Paweł/WebDev/React/Manual Boarding/src/constants.ts": {"path":"/Users/pawelzajaczkowski/Desktop/Paweł/WebDev/React/Manual Boarding/src/constants.ts","all":false,"statementMap":{"0":{"start":{"line":1,"column":0},"end":{"line":1,"column":43}},"1":{"start":{"line":2,"column":0},"end":{"line":2,"column":0}},"2":{"start":{"line":3,"column":0},"end":{"line":3,"column":62}},"3":{"start":{"line":4,"column":0},"end":{"line":4,"column":70}},"4":{"start":{"line":5,"column":0},"end":{"line":5,"column":0}},"5":{"start":{"line":6,"column":0},"end":{"line":6,"column":32}},"6":{"start":{"line":7,"column":0},"end":{"line":7,"column":3}},"7":{"start":{"line":8,"column":0},"end":{"line":8,"column":27}},"8":{"start":{"line":9,"column":0},"end":{"line":9,"column":27}},"9":{"start":{"line":10,"column":0},"end":{"line":10,"column":13}},"10":{"start":{"line":11,"column":0},"end":{"line":11,"column":11}},"11":{"start":{"line":12,"column":0},"end":{"line":12,"column":80}},"12":{"start":{"line":13,"column":0},"end":{"line":13,"column":49}},"13":{"start":{"line":14,"column":0},"end":{"line":14,"column":6}},"14":{"start":{"line":15,"column":0},"end":{"line":15,"column":20}},"15":{"start":{"line":16,"column":0},"end":{"line":16,"column":11}},"16":{"start":{"line":17,"column":0},"end":{"line":17,"column":11}},"17":{"start":{"line":18,"column":0},"end":{"line":18,"column":11}},"18":{"start":{"line":19,"column":0},"end":{"line":19,"column":11}},"19":{"start":{"line":20,"column":0},"end":{"line":20,"column":11}},"20":{"start":{"line":21,"column":0},"end":{"line":21,"column":11}},"21":{"start":{"line":22,"column":0},"end":{"line":22,"column":12}},"22":{"start":{"line":23,"column":0},"end":{"line":23,"column":12}},"23":{"start":{"line":24,"column":0},"end":{"line":24,"column":12}},"24":{"start":{"line":25,"column":0},"end":{"line":25,"column":12}},"25":{"start":{"line":26,"column":0},"end":{"line":26,"column":12}},"26":{"start":{"line":27,"column":0},"end":{"line":27,"column":12}},"27":{"start":{"line":28,"column":0},"end":{"line":28,"column":12}},"28":{"start":{"line":29,"column":0},"end":{"line":29,"column":12}},"29":{"start":{"line":30,"column":0},"end":{"line":30,"column":12}},"30":{"start":{"line":31,"column":0},"end":{"line":31,"column":12}},"31":{"start":{"line":32,"column":0},"end":{"line":32,"column":12}},"32":{"start":{"line":33,"column":0},"end":{"line":33,"column":12}},"33":{"start":{"line":34,"column":0},"end":{"line":34,"column":12}},"34":{"start":{"line":35,"column":0},"end":{"line":35,"column":12}},"35":{"start":{"line":36,"column":0},"end":{"line":36,"column":12}},"36":{"start":{"line":37,"column":0},"end":{"line":37,"column":12}},"37":{"start":{"line":38,"column":0},"end":{"line":38,"column":12}},"38":{"start":{"line":39,"column":0},"end":{"line":39,"column":12}},"39":{"start":{"line":40,"column":0},"end":{"line":40,"column":12}},"40":{"start":{"line":41,"column":0},"end":{"line":41,"column":12}},"41":{"start":{"line":42,"column":0},"end":{"line":42,"column":12}},"42":{"start":{"line":43,"column":0},"end":{"line":43,"column":12}},"43":{"start":{"line":44,"column":0},"end":{"line":44,"column":12}},"44":{"start":{"line":45,"column":0},"end":{"line":45,"column":12}},"45":{"start":{"line":46,"column":0},"end":{"line":46,"column":6}},"46":{"start":{"line":47,"column":0},"end":{"line":47,"column":27}},"47":{"start":{"line":48,"column":0},"end":{"line":48,"column":11}},"48":{"start":{"line":49,"column":0},"end":{"line":49,"column":11}},"49":{"start":{"line":50,"column":0},"end":{"line":50,"column":11}},"50":{"start":{"line":51,"column":0},"end":{"line":51,"column":12}},"51":{"start":{"line":52,"column":0},"end":{"line":52,"column":12}},"52":{"start":{"line":53,"column":0},"end":{"line":53,"column":12}},"53":{"start":{"line":54,"column":0},"end":{"line":54,"column":12}},"54":{"start":{"line":55,"column":0},"end":{"line":55,"column":12}},"55":{"start":{"line":56,"column":0},"end":{"line":56,"column":12}},"56":{"start":{"line":57,"column":0},"end":{"line":57,"column":12}},"57":{"start":{"line":58,"column":0},"end":{"line":58,"column":12}},"58":{"start":{"line":59,"column":0},"end":{"line":59,"column":12}},"59":{"start":{"line":60,"column":0},"end":{"line":60,"column":12}},"60":{"start":{"line":61,"column":0},"end":{"line":61,"column":12}},"61":{"start":{"line":62,"column":0},"end":{"line":62,"column":12}},"62":{"start":{"line":63,"column":0},"end":{"line":63,"column":6}},"63":{"start":{"line":64,"column":0},"end":{"line":64,"column":23}},"64":{"start":{"line":65,"column":0},"end":{"line":65,"column":11}},"65":{"start":{"line":66,"column":0},"end":{"line":66,"column":11}},"66":{"start":{"line":67,"column":0},"end":{"line":67,"column":11}},"67":{"start":{"line":68,"column":0},"end":{"line":68,"column":12}},"68":{"start":{"line":69,"column":0},"end":{"line":69,"column":12}},"69":{"start":{"line":70,"column":0},"end":{"line":70,"column":12}},"70":{"start":{"line":71,"column":0},"end":{"line":71,"column":12}},"71":{"start":{"line":72,"column":0},"end":{"line":72,"column":12}},"72":{"start":{"line":73,"column":0},"end":{"line":73,"column":12}},"73":{"start":{"line":74,"column":0},"end":{"line":74,"column":6}},"74":{"start":{"line":75,"column":0},"end":{"line":75,"column":25}},"75":{"start":{"line":76,"column":0},"end":{"line":76,"column":59}},"76":{"start":{"line":77,"column":0},"end":{"line":77,"column":18}},"77":{"start":{"line":78,"column":0},"end":{"line":78,"column":25}},"78":{"start":{"line":79,"column":0},"end":{"line":79,"column":25}},"79":{"start":{"line":80,"column":0},"end":{"line":80,"column":25}},"80":{"start":{"line":81,"column":0},"end":{"line":81,"column":24}},"81":{"start":{"line":82,"column":0},"end":{"line":82,"column":6}},"82":{"start":{"line":83,"column":0},"end":{"line":83,"column":12}},"83":{"start":{"line":84,"column":0},"end":{"line":84,"column":20}},"84":{"start":{"line":85,"column":0},"end":{"line":85,"column":18}},"85":{"start":{"line":86,"column":0},"end":{"line":86,"column":20}},"86":{"start":{"line":87,"column":0},"end":{"line":87,"column":19}},"87":{"start":{"line":88,"column":0},"end":{"line":88,"column":21}},"88":{"start":{"line":89,"column":0},"end":{"line":89,"column":19}},"89":{"start":{"line":90,"column":0},"end":{"line":90,"column":6}},"90":{"start":{"line":91,"column":0},"end":{"line":91,"column":20}},"91":{"start":{"line":92,"column":0},"end":{"line":92,"column":16}},"92":{"start":{"line":93,"column":0},"end":{"line":93,"column":17}},"93":{"start":{"line":94,"column":0},"end":{"line":94,"column":16}},"94":{"start":{"line":95,"column":0},"end":{"line":95,"column":6}},"95":{"start":{"line":96,"column":0},"end":{"line":96,"column":4}},"96":{"start":{"line":97,"column":0},"end":{"line":97,"column":3}},"97":{"start":{"line":98,"column":0},"end":{"line":98,"column":27}},"98":{"start":{"line":99,"column":0},"end":{"line":99,"column":27}},"99":{"start":{"line":100,"column":0},"end":{"line":100,"column":13}},"100":{"start":{"line":101,"column":0},"end":{"line":101,"column":11}},"101":{"start":{"line":102,"column":0},"end":{"line":102,"column":80}},"102":{"start":{"line":103,"column":0},"end":{"line":103,"column":21}},"103":{"start":{"line":104,"column":0},"end":{"line":104,"column":6}},"104":{"start":{"line":105,"column":0},"end":{"line":105,"column":20}},"105":{"start":{"line":106,"column":0},"end":{"line":106,"column":11}},"106":{"start":{"line":107,"column":0},"end":{"line":107,"column":11}},"107":{"start":{"line":108,"column":0},"end":{"line":108,"column":11}},"108":{"start":{"line":109,"column":0},"end":{"line":109,"column":11}},"109":{"start":{"line":110,"column":0},"end":{"line":110,"column":11}},"110":{"start":{"line":111,"column":0},"end":{"line":111,"column":11}},"111":{"start":{"line":112,"column":0},"end":{"line":112,"column":11}},"112":{"start":{"line":113,"column":0},"end":{"line":113,"column":11}},"113":{"start":{"line":114,"column":0},"end":{"line":114,"column":11}},"114":{"start":{"line":115,"column":0},"end":{"line":115,"column":11}},"115":{"start":{"line":116,"column":0},"end":{"line":116,"column":11}},"116":{"start":{"line":117,"column":0},"end":{"line":117,"column":11}},"117":{"start":{"line":118,"column":0},"end":{"line":118,"column":12}},"118":{"start":{"line":119,"column":0},"end":{"line":119,"column":12}},"119":{"start":{"line":120,"column":0},"end":{"line":120,"column":12}},"120":{"start":{"line":121,"column":0},"end":{"line":121,"column":12}},"121":{"start":{"line":122,"column":0},"end":{"line":122,"column":12}},"122":{"start":{"line":123,"column":0},"end":{"line":123,"column":12}},"123":{"start":{"line":124,"column":0},"end":{"line":124,"column":12}},"124":{"start":{"line":125,"column":0},"end":{"line":125,"column":12}},"125":{"start":{"line":126,"column":0},"end":{"line":126,"column":12}},"126":{"start":{"line":127,"column":0},"end":{"line":127,"column":12}},"127":{"start":{"line":128,"column":0},"end":{"line":128,"column":12}},"128":{"start":{"line":129,"column":0},"end":{"line":129,"column":12}},"129":{"start":{"line":130,"column":0},"end":{"line":130,"column":12}},"130":{"start":{"line":131,"column":0},"end":{"line":131,"column":12}},"131":{"start":{"line":132,"column":0},"end":{"line":132,"column":12}},"132":{"start":{"line":133,"column":0},"end":{"line":133,"column":12}},"133":{"start":{"line":134,"column":0},"end":{"line":134,"column":6}},"134":{"start":{"line":135,"column":0},"end":{"line":135,"column":27}},"135":{"start":{"line":136,"column":0},"end":{"line":136,"column":11}},"136":{"start":{"line":137,"column":0},"end":{"line":137,"column":11}},"137":{"start":{"line":138,"column":0},"end":{"line":138,"column":11}},"138":{"start":{"line":139,"column":0},"end":{"line":139,"column":11}},"139":{"start":{"line":140,"column":0},"end":{"line":140,"column":11}},"140":{"start":{"line":141,"column":0},"end":{"line":141,"column":11}},"141":{"start":{"line":142,"column":0},"end":{"line":142,"column":12}},"142":{"start":{"line":143,"column":0},"end":{"line":143,"column":12}},"143":{"start":{"line":144,"column":0},"end":{"line":144,"column":12}},"144":{"start":{"line":145,"column":0},"end":{"line":145,"column":12}},"145":{"start":{"line":146,"column":0},"end":{"line":146,"column":6}},"146":{"start":{"line":147,"column":0},"end":{"line":147,"column":79}},"147":{"start":{"line":148,"column":0},"end":{"line":148,"column":25}},"148":{"start":{"line":149,"column":0},"end":{"line":149,"column":59}},"149":{"start":{"line":150,"column":0},"end":{"line":150,"column":18}},"150":{"start":{"line":151,"column":0},"end":{"line":151,"column":25}},"151":{"start":{"line":152,"column":0},"end":{"line":152,"column":25}},"152":{"start":{"line":153,"column":0},"end":{"line":153,"column":25}},"153":{"start":{"line":154,"column":0},"end":{"line":154,"column":24}},"154":{"start":{"line":155,"column":0},"end":{"line":155,"column":6}},"155":{"start":{"line":156,"column":0},"end":{"line":156,"column":12}},"156":{"start":{"line":157,"column":0},"end":{"line":157,"column":20}},"157":{"start":{"line":158,"column":0},"end":{"line":158,"column":18}},"158":{"start":{"line":159,"column":0},"end":{"line":159,"column":20}},"159":{"start":{"line":160,"column":0},"end":{"line":160,"column":19}},"160":{"start":{"line":161,"column":0},"end":{"line":161,"column":21}},"161":{"start":{"line":162,"column":0},"end":{"line":162,"column":19}},"162":{"start":{"line":163,"column":0},"end":{"line":163,"column":6}},"163":{"start":{"line":164,"column":0},"end":{"line":164,"column":20}},"164":{"start":{"line":165,"column":0},"end":{"line":165,"column":16}},"165":{"start":{"line":166,"column":0},"end":{"line":166,"column":16}},"166":{"start":{"line":167,"column":0},"end":{"line":167,"column":16}},"167":{"start":{"line":168,"column":0},"end":{"line":168,"column":6}},"168":{"start":{"line":169,"column":0},"end":{"line":169,"column":4}},"169":{"start":{"line":170,"column":0},"end":{"line":170,"column":3}},"170":{"start":{"line":171,"column":0},"end":{"line":171,"column":28}},"171":{"start":{"line":172,"column":0},"end":{"line":172,"column":28}},"172":{"start":{"line":173,"column":0},"end":{"line":173,"column":13}},"173":{"start":{"line":174,"column":0},"end":{"line":174,"column":11}},"174":{"start":{"line":175,"column":0},"end":{"line":175,"column":80}},"175":{"start":{"line":176,"column":0},"end":{"line":176,"column":57}},"176":{"start":{"line":177,"column":0},"end":{"line":177,"column":6}},"177":{"start":{"line":178,"column":0},"end":{"line":178,"column":20}},"178":{"start":{"line":179,"column":0},"end":{"line":179,"column":11}},"179":{"start":{"line":180,"column":0},"end":{"line":180,"column":11}},"180":{"start":{"line":181,"column":0},"end":{"line":181,"column":11}},"181":{"start":{"line":182,"column":0},"end":{"line":182,"column":11}},"182":{"start":{"line":183,"column":0},"end":{"line":183,"column":11}},"183":{"start":{"line":184,"column":0},"end":{"line":184,"column":11}},"184":{"start":{"line":185,"column":0},"end":{"line":185,"column":12}},"185":{"start":{"line":186,"column":0},"end":{"line":186,"column":12}},"186":{"start":{"line":187,"column":0},"end":{"line":187,"column":12}},"187":{"start":{"line":188,"column":0},"end":{"line":188,"column":12}},"188":{"start":{"line":189,"column":0},"end":{"line":189,"column":12}},"189":{"start":{"line":190,"column":0},"end":{"line":190,"column":12}},"190":{"start":{"line":191,"column":0},"end":{"line":191,"column":12}},"191":{"start":{"line":192,"column":0},"end":{"line":192,"column":12}},"192":{"start":{"line":193,"column":0},"end":{"line":193,"column":12}},"193":{"start":{"line":194,"column":0},"end":{"line":194,"column":12}},"194":{"start":{"line":195,"column":0},"end":{"line":195,"column":12}},"195":{"start":{"line":196,"column":0},"end":{"line":196,"column":12}},"196":{"start":{"line":197,"column":0},"end":{"line":197,"column":12}},"197":{"start":{"line":198,"column":0},"end":{"line":198,"column":12}},"198":{"start":{"line":199,"column":0},"end":{"line":199,"column":12}},"199":{"start":{"line":200,"column":0},"end":{"line":200,"column":12}},"200":{"start":{"line":201,"column":0},"end":{"line":201,"column":12}},"201":{"start":{"line":202,"column":0},"end":{"line":202,"column":12}},"202":{"start":{"line":203,"column":0},"end":{"line":203,"column":12}},"203":{"start":{"line":204,"column":0},"end":{"line":204,"column":12}},"204":{"start":{"line":205,"column":0},"end":{"line":205,"column":12}},"205":{"start":{"line":206,"column":0},"end":{"line":206,"column":12}},"206":{"start":{"line":207,"column":0},"end":{"line":207,"column":12}},"207":{"start":{"line":208,"column":0},"end":{"line":208,"column":12}},"208":{"start":{"line":209,"column":0},"end":{"line":209,"column":12}},"209":{"start":{"line":210,"column":0},"end":{"line":210,"column":12}},"210":{"start":{"line":211,"column":0},"end":{"line":211,"column":12}},"211":{"start":{"line":212,"column":0},"end":{"line":212,"column":12}},"212":{"start":{"line":213,"column":0},"end":{"line":213,"column":12}},"213":{"start":{"line":214,"column":0},"end":{"line":214,"column":12}},"214":{"start":{"line":215,"column":0},"end":{"line":215,"column":12}},"215":{"start":{"line":216,"column":0},"end":{"line":216,"column":12}},"216":{"start":{"line":217,"column":0},"end":{"line":217,"column":12}},"217":{"start":{"line":218,"column":0},"end":{"line":218,"column":12}},"218":{"start":{"line":219,"column":0},"end":{"line":219,"column":12}},"219":{"start":{"line":220,"column":0},"end":{"line":220,"column":12}},"220":{"start":{"line":221,"column":0},"end":{"line":221,"column":12}},"221":{"start":{"line":222,"column":0},"end":{"line":222,"column":12}},"222":{"start":{"line":223,"column":0},"end":{"line":223,"column":12}},"223":{"start":{"line":224,"column":0},"end":{"line":224,"column":12}},"224":{"start":{"line":225,"column":0},"end":{"line":225,"column":12}},"225":{"start":{"line":226,"column":0},"end":{"line":226,"column":12}},"226":{"start":{"line":227,"column":0},"end":{"line":227,"column":12}},"227":{"start":{"line":228,"column":0},"end":{"line":228,"column":12}},"228":{"start":{"line":229,"column":0},"end":{"line":229,"column":12}},"229":{"start":{"line":230,"column":0},"end":{"line":230,"column":6}},"230":{"start":{"line":231,"column":0},"end":{"line":231,"column":27}},"231":{"start":{"line":232,"column":0},"end":{"line":232,"column":11}},"232":{"start":{"line":233,"column":0},"end":{"line":233,"column":11}},"233":{"start":{"line":234,"column":0},"end":{"line":234,"column":11}},"234":{"start":{"line":235,"column":0},"end":{"line":235,"column":11}},"235":{"start":{"line":236,"column":0},"end":{"line":236,"column":11}},"236":{"start":{"line":237,"column":0},"end":{"line":237,"column":12}},"237":{"start":{"line":238,"column":0},"end":{"line":238,"column":12}},"238":{"start":{"line":239,"column":0},"end":{"line":239,"column":12}},"239":{"start":{"line":240,"column":0},"end":{"line":240,"column":12}},"240":{"start":{"line":241,"column":0},"end":{"line":241,"column":12}},"241":{"start":{"line":242,"column":0},"end":{"line":242,"column":12}},"242":{"start":{"line":243,"column":0},"end":{"line":243,"column":12}},"243":{"start":{"line":244,"column":0},"end":{"line":244,"column":12}},"244":{"start":{"line":245,"column":0},"end":{"line":245,"column":12}},"245":{"start":{"line":246,"column":0},"end":{"line":246,"column":12}},"246":{"start":{"line":247,"column":0},"end":{"line":247,"column":12}},"247":{"start":{"line":248,"column":0},"end":{"line":248,"column":12}},"248":{"start":{"line":249,"column":0},"end":{"line":249,"column":12}},"249":{"start":{"line":250,"column":0},"end":{"line":250,"column":12}},"250":{"start":{"line":251,"column":0},"end":{"line":251,"column":12}},"251":{"start":{"line":252,"column":0},"end":{"line":252,"column":12}},"252":{"start":{"line":253,"column":0},"end":{"line":253,"column":12}},"253":{"start":{"line":254,"column":0},"end":{"line":254,"column":12}},"254":{"start":{"line":255,"column":0},"end":{"line":255,"column":6}},"255":{"start":{"line":256,"column":0},"end":{"line":256,"column":23}},"256":{"start":{"line":257,"column":0},"end":{"line":257,"column":11}},"257":{"start":{"line":258,"column":0},"end":{"line":258,"column":11}},"258":{"start":{"line":259,"column":0},"end":{"line":259,"column":11}},"259":{"start":{"line":260,"column":0},"end":{"line":260,"column":11}},"260":{"start":{"line":261,"column":0},"end":{"line":261,"column":12}},"261":{"start":{"line":262,"column":0},"end":{"line":262,"column":12}},"262":{"start":{"line":263,"column":0},"end":{"line":263,"column":12}},"263":{"start":{"line":264,"column":0},"end":{"line":264,"column":12}},"264":{"start":{"line":265,"column":0},"end":{"line":265,"column":12}},"265":{"start":{"line":266,"column":0},"end":{"line":266,"column":12}},"266":{"start":{"line":267,"column":0},"end":{"line":267,"column":12}},"267":{"start":{"line":268,"column":0},"end":{"line":268,"column":12}},"268":{"start":{"line":269,"column":0},"end":{"line":269,"column":12}},"269":{"start":{"line":270,"column":0},"end":{"line":270,"column":6}},"270":{"start":{"line":271,"column":0},"end":{"line":271,"column":25}},"271":{"start":{"line":272,"column":0},"end":{"line":272,"column":59}},"272":{"start":{"line":273,"column":0},"end":{"line":273,"column":18}},"273":{"start":{"line":274,"column":0},"end":{"line":274,"column":25}},"274":{"start":{"line":275,"column":0},"end":{"line":275,"column":25}},"275":{"start":{"line":276,"column":0},"end":{"line":276,"column":25}},"276":{"start":{"line":277,"column":0},"end":{"line":277,"column":24}},"277":{"start":{"line":278,"column":0},"end":{"line":278,"column":6}},"278":{"start":{"line":279,"column":0},"end":{"line":279,"column":12}},"279":{"start":{"line":280,"column":0},"end":{"line":280,"column":20}},"280":{"start":{"line":281,"column":0},"end":{"line":281,"column":18}},"281":{"start":{"line":282,"column":0},"end":{"line":282,"column":20}},"282":{"start":{"line":283,"column":0},"end":{"line":283,"column":19}},"283":{"start":{"line":284,"column":0},"end":{"line":284,"column":21}},"284":{"start":{"line":285,"column":0},"end":{"line":285,"column":19}},"285":{"start":{"line":286,"column":0},"end":{"line":286,"column":6}},"286":{"start":{"line":287,"column":0},"end":{"line":287,"column":20}},"287":{"start":{"line":288,"column":0},"end":{"line":288,"column":16}},"288":{"start":{"line":289,"column":0},"end":{"line":289,"column":17}},"289":{"start":{"line":290,"column":0},"end":{"line":290,"column":16}},"290":{"start":{"line":291,"column":0},"end":{"line":291,"column":6}},"291":{"start":{"line":292,"column":0},"end":{"line":292,"column":4}},"292":{"start":{"line":293,"column":0},"end":{"line":293,"column":3}},"293":{"start":{"line":294,"column":0},"end":{"line":294,"column":24}},"294":{"start":{"line":295,"column":0},"end":{"line":295,"column":24}},"295":{"start":{"line":296,"column":0},"end":{"line":296,"column":13}},"296":{"start":{"line":297,"column":0},"end":{"line":297,"column":11}},"297":{"start":{"line":298,"column":0},"end":{"line":298,"column":80}},"298":{"start":{"line":299,"column":0},"end":{"line":299,"column":41}},"299":{"start":{"line":300,"column":0},"end":{"line":300,"column":6}},"300":{"start":{"line":301,"column":0},"end":{"line":301,"column":20}},"301":{"start":{"line":302,"column":0},"end":{"line":302,"column":12}},"302":{"start":{"line":303,"column":0},"end":{"line":303,"column":12}},"303":{"start":{"line":304,"column":0},"end":{"line":304,"column":12}},"304":{"start":{"line":305,"column":0},"end":{"line":305,"column":12}},"305":{"start":{"line":306,"column":0},"end":{"line":306,"column":12}},"306":{"start":{"line":307,"column":0},"end":{"line":307,"column":12}},"307":{"start":{"line":308,"column":0},"end":{"line":308,"column":12}},"308":{"start":{"line":309,"column":0},"end":{"line":309,"column":12}},"309":{"start":{"line":310,"column":0},"end":{"line":310,"column":12}},"310":{"start":{"line":311,"column":0},"end":{"line":311,"column":12}},"311":{"start":{"line":312,"column":0},"end":{"line":312,"column":12}},"312":{"start":{"line":313,"column":0},"end":{"line":313,"column":12}},"313":{"start":{"line":314,"column":0},"end":{"line":314,"column":12}},"314":{"start":{"line":315,"column":0},"end":{"line":315,"column":12}},"315":{"start":{"line":316,"column":0},"end":{"line":316,"column":12}},"316":{"start":{"line":317,"column":0},"end":{"line":317,"column":12}},"317":{"start":{"line":318,"column":0},"end":{"line":318,"column":12}},"318":{"start":{"line":319,"column":0},"end":{"line":319,"column":12}},"319":{"start":{"line":320,"column":0},"end":{"line":320,"column":12}},"320":{"start":{"line":321,"column":0},"end":{"line":321,"column":12}},"321":{"start":{"line":322,"column":0},"end":{"line":322,"column":12}},"322":{"start":{"line":323,"column":0},"end":{"line":323,"column":12}},"323":{"start":{"line":324,"column":0},"end":{"line":324,"column":12}},"324":{"start":{"line":325,"column":0},"end":{"line":325,"column":12}},"325":{"start":{"line":326,"column":0},"end":{"line":326,"column":6}},"326":{"start":{"line":327,"column":0},"end":{"line":327,"column":27}},"327":{"start":{"line":328,"column":0},"end":{"line":328,"column":12}},"328":{"start":{"line":329,"column":0},"end":{"line":329,"column":12}},"329":{"start":{"line":330,"column":0},"end":{"line":330,"column":12}},"330":{"start":{"line":331,"column":0},"end":{"line":331,"column":12}},"331":{"start":{"line":332,"column":0},"end":{"line":332,"column":12}},"332":{"start":{"line":333,"column":0},"end":{"line":333,"column":12}},"333":{"start":{"line":334,"column":0},"end":{"line":334,"column":12}},"334":{"start":{"line":335,"column":0},"end":{"line":335,"column":12}},"335":{"start":{"line":336,"column":0},"end":{"line":336,"column":12}},"336":{"start":{"line":337,"column":0},"end":{"line":337,"column":12}},"337":{"start":{"line":338,"column":0},"end":{"line":338,"column":12}},"338":{"start":{"line":339,"column":0},"end":{"line":339,"column":12}},"339":{"start":{"line":340,"column":0},"end":{"line":340,"column":6}},"340":{"start":{"line":341,"column":0},"end":{"line":341,"column":25}},"341":{"start":{"line":342,"column":0},"end":{"line":342,"column":24}},"342":{"start":{"line":343,"column":0},"end":{"line":343,"column":61}},"343":{"start":{"line":344,"column":0},"end":{"line":344,"column":18}},"344":{"start":{"line":345,"column":0},"end":{"line":345,"column":25}},"345":{"start":{"line":346,"column":0},"end":{"line":346,"column":25}},"346":{"start":{"line":347,"column":0},"end":{"line":347,"column":25}},"347":{"start":{"line":348,"column":0},"end":{"line":348,"column":24}},"348":{"start":{"line":349,"column":0},"end":{"line":349,"column":6}},"349":{"start":{"line":350,"column":0},"end":{"line":350,"column":12}},"350":{"start":{"line":351,"column":0},"end":{"line":351,"column":20}},"351":{"start":{"line":352,"column":0},"end":{"line":352,"column":19}},"352":{"start":{"line":353,"column":0},"end":{"line":353,"column":21}},"353":{"start":{"line":354,"column":0},"end":{"line":354,"column":19}},"354":{"start":{"line":355,"column":0},"end":{"line":355,"column":21}},"355":{"start":{"line":356,"column":0},"end":{"line":356,"column":19}},"356":{"start":{"line":357,"column":0},"end":{"line":357,"column":6}},"357":{"start":{"line":358,"column":0},"end":{"line":358,"column":20}},"358":{"start":{"line":359,"column":0},"end":{"line":359,"column":16}},"359":{"start":{"line":360,"column":0},"end":{"line":360,"column":16}},"360":{"start":{"line":361,"column":0},"end":{"line":361,"column":16}},"361":{"start":{"line":362,"column":0},"end":{"line":362,"column":6}},"362":{"start":{"line":363,"column":0},"end":{"line":363,"column":4}},"363":{"start":{"line":364,"column":0},"end":{"line":364,"column":2}},"364":{"start":{"line":365,"column":0},"end":{"line":365,"column":0}},"365":{"start":{"line":366,"column":0},"end":{"line":366,"column":48}},"366":{"start":{"line":367,"column":0},"end":{"line":367,"column":44}},"367":{"start":{"line":368,"column":0},"end":{"line":368,"column":3}}},"s":{"0":1,"1":1,"2":1,"3":1,"4":1,"5":1,"6":1,"7":1,"8":1,"9":1,"10":1,"11":1,"12":1,"13":1,"14":1,"15":1,"16":1,"17":1,"18":1,"19":1,"20":1,"21":1,"22":1,"23":1,"24":1,"25":1,"26":1,"27":1,"28":1,"29":1,"30":1,"31":1,"32":1,"33":1,"34":1,"35":1,"36":1,"37":1,"38":1,"39":1,"40":1,"41":1,"42":1,"43":1,"44":1,"45":1,"46":1,"47":1,"48":1,"49":1,"50":1,"51":1,"52":1,"53":1,"54":1,"55":1,"56":1,"57":1,"58":1,"59":1,"60":1,"61":1,"62":1,"63":1,"64":1,"65":1,"66":1,"67":1,"68":1,"69":1,"70":1,"71":1,"72":1,"73":1,"74":1,"75":1,"76":1,"77":1,"78":1,"79":1,"80":1,"81":1,"82":1,"83":1,"84":1,"85":1,"86":1,"87":1,"88":1,"89":1,"90":1,"91":1,"92":1,"93":1,"94":1,"95":1,"96":1,"97":1,"98":1,"99":1,"100":1,"101":1,"102":1,"103":1,"104":1,"105":1,"106":1,"107":1,"108":1,"109":1,"110":1,"111":1,"112":1,"113":1,"114":1,"115":1,"116":1,"117":1,"118":1,"119":1,"120":1,"121":1,"122":1,"123":1,"124":1,"125":1,"126":1,"127":1,"128":1,"129":1,"130":1,"131":1,"132":1,"133":1,"134":1,"135":1,"136":1,"137":1,"138":1,"139":1,"140":1,"141":1,"142":1,"143":1,"144":1,"145":1,"146":1,"147":1,"148":1,"149":1,"150":1,"151":1,"152":1,"153":1,"154":1,"155":1,"156":1,"157":1,"158":1,"159":1,"160":1,"161":1,"162":1,"163":1,"164":1,"165":1,"166":1,"167":1,"168":1,"169":1,"170":1,"171":1,"172":1,"173":1,"174":1,"175":1,"176":1,"177":1,"178":1,"179":1,"180":1,"181":1,"182":1,"183":1,"184":1,"185":1,"186":1,"187":1,"188":1,"189":1,"190":1,"191":1,"192":1,"193":1,"194":1,"195":1,"196":1,"197":1,"198":1,"199":1,"200":1,"201":1,"202":1,"203":1,"204":1,"205":1,"206":1,"207":1,"208":1,"209":1,"210":1,"211":1,"212":1,"213":1,"214":1,"215":1,"216":1,"217":1,"218":1,"219":1,"220":1,"221":1,"222":1,"223":1,"224":1,"225":1,"226":1,"227":1,"228":1,"229":1,"230":1,"231":1,"232":1,"233":1,"234":1,"235":1,"236":1,"237":1,"238":1,"239":1,"240":1,"241":1,"242":1,"243":1,"244":1,"245":1,"246":1,"247":1,"248":1,"249":1,"250":1,"251":1,"252":1,"253":1,"254":1,"255":1,"256":1,"257":1,"258":1,"259":1,"260":1,"261":1,"262":1,"263":1,"264":1,"265":1,"266":1,"267":1,"268":1,"269":1,"270":1,"271":1,"272":1,"273":1,"274":1,"275":1,"276":1,"277":1,"278":1,"279":1,"280":1,"281":1,"282":1,"283":1,"284":1,"285":1,"286":1,"287":1,"288":1,"289":1,"290":1,"291":1,"292":1,"293":1,"294":1,"295":1,"296":1,"297":1,"298":1,"299":1,"300":1,"301":1,"302":1,"303":1,"304":1,"305":1,"306":1,"307":1,"308":1,"309":1,"310":1,"311":1,"312":1,"313":1,"314":1,"315":1,"316":1,"317":1,"318":1,"319":1,"320":1,"321":1,"322":1,"323":1,"324":1,"325":1,"326":1,"327":1,"328":1,"329":1,"330":1,"331":1,"332":1,"333":1,"334":1,"335":1,"336":1,"337":1,"338":1,"339":1,"340":1,"341":1,"342":1,"343":1,"344":1,"345":1,"346":1,"347":1,"348":1,"349":1,"350":1,"351":1,"352":1,"353":1,"354":1,"355":1,"356":1,"357":1,"358":1,"359":1,"360":1,"361":1,"362":1,"363":1,"364":1,"365":1,"366":1,"367":1},"branchMap":{"0":{"type":"branch","line":367,"loc":{"start":{"line":367,"column":2},"end":{"line":367,"column":44}},"locations":[{"start":{"line":367,"column":2},"end":{"line":367,"column":44}}]}},"b":{"0":[1]},"fnMap":{},"f":{}}
,"/Users/pawelzajaczkowski/Desktop/Paweł/WebDev/React/Manual Boarding/src/components/ControlPanel/ControlPanel.tsx": {"path":"/Users/pawelzajaczkowski/Desktop/Paweł/WebDev/React/Manual Boarding/src/components/ControlPanel/ControlPanel.tsx","all":false,"statementMap":{"0":{"start":{"line":1,"column":0},"end":{"line":1,"column":47}},"1":{"start":{"line":2,"column":0},"end":{"line":2,"column":59}},"2":{"start":{"line":3,"column":0},"end":{"line":3,"column":0}},"3":{"start":{"line":4,"column":0},"end":{"line":4,"column":30}},"4":{"start":{"line":5,"column":0},"end":{"line":5,"column":10}},"5":{"start":{"line":6,"column":0},"end":{"line":6,"column":17}},"6":{"start":{"line":7,"column":0},"end":{"line":7,"column":13}},"7":{"start":{"line":8,"column":0},"end":{"line":8,"column":11}},"8":{"start":{"line":9,"column":0},"end":{"line":9,"column":16}},"9":{"start":{"line":10,"column":0},"end":{"line":10,"column":26}},"10":{"start":{"line":11,"column":0},"end":{"line":11,"column":10}},"11":{"start":{"line":12,"column":0},"end":{"line":12,"column":41}},"12":{"start":{"line":13,"column":0},"end":{"line":13,"column":12}},"13":{"start":{"line":14,"column":0},"end":{"line":14,"column":61}},"14":{"start":{"line":15,"column":0},"end":{"line":15,"column":15}},"15":{"start":{"line":16,"column":0},"end":{"line":16,"column":22}},"16":{"start":{"line":17,"column":0},"end":{"line":17,"column":20}},"17":{"start":{"line":18,"column":0},"end":{"line":18,"column":29}},"18":{"start":{"line":19,"column":0},"end":{"line":19,"column":39}},"19":{"start":{"line":20,"column":0},"end":{"line":20,"column":9}},"20":{"start":{"line":21,"column":0},"end":{"line":21,"column":64}},"21":{"start":{"line":22,"column":0},"end":{"line":22,"column":66}},"22":{"start":{"line":23,"column":0},"end":{"line":23,"column":64}},"23":{"start":{"line":24,"column":0},"end":{"line":24,"column":66}},"24":{"start":{"line":25,"column":0},"end":{"line":25,"column":17}},"25":{"start":{"line":26,"column":0},"end":{"line":26,"column":13}},"26":{"start":{"line":27,"column":0},"end":{"line":27,"column":39}},"27":{"start":{"line":28,"column":0},"end":{"line":28,"column":65}},"28":{"start":{"line":29,"column":0},"end":{"line":29,"column":61}},"29":{"start":{"line":30,"column":0},"end":{"line":30,"column":67}},"30":{"start":{"line":31,"column":0},"end":{"line":31,"column":61}},"31":{"start":{"line":32,"column":0},"end":{"line":32,"column":12}},"32":{"start":{"line":33,"column":0},"end":{"line":33,"column":10}},"33":{"start":{"line":34,"column":0},"end":{"line":34,"column":4}},"34":{"start":{"line":35,"column":0},"end":{"line":35,"column":2}}},"s":{"0":1,"1":1,"2":1,"3":1,"4":23,"5":23,"6":23,"7":23,"8":23,"9":23,"10":23,"11":23,"12":23,"13":23,"14":23,"15":23,"16":23,"17":23,"18":23,"19":23,"20":23,"21":23,"22":23,"23":23,"24":23,"25":23,"26":23,"27":23,"28":23,"29":23,"30":23,"31":23,"32":23,"33":23,"34":23},"branchMap":{"0":{"type":"branch","line":4,"loc":{"start":{"line":4,"column":28},"end":{"line":35,"column":2}},"locations":[{"start":{"line":4,"column":28},"end":{"line":35,"column":2}}]}},"b":{"0":[23]},"fnMap":{"0":{"name":"ControlPanel","decl":{"start":{"line":4,"column":28},"end":{"line":35,"column":2}},"loc":{"start":{"line":4,"column":28},"end":{"line":35,"column":2}},"line":4}},"f":{"0":23}}
,"/Users/pawelzajaczkowski/Desktop/Paweł/WebDev/React/Manual Boarding/src/components/Footer/Footer.tsx": {"path":"/Users/pawelzajaczkowski/Desktop/Paweł/WebDev/React/Manual Boarding/src/components/Footer/Footer.tsx","all":false,"statementMap":{"0":{"start":{"line":1,"column":0},"end":{"line":1,"column":41}},"1":{"start":{"line":2,"column":0},"end":{"line":2,"column":0}},"2":{"start":{"line":3,"column":0},"end":{"line":3,"column":29}},"3":{"start":{"line":4,"column":0},"end":{"line":4,"column":10}},"4":{"start":{"line":5,"column":0},"end":{"line":5,"column":59}},"5":{"start":{"line":6,"column":0},"end":{"line":6,"column":9}},"6":{"start":{"line":7,"column":0},"end":{"line":7,"column":66}},"7":{"start":{"line":8,"column":0},"end":{"line":8,"column":29}},"8":{"start":{"line":9,"column":0},"end":{"line":9,"column":12}},"9":{"start":{"line":10,"column":0},"end":{"line":10,"column":10}},"10":{"start":{"line":11,"column":0},"end":{"line":11,"column":9}},"11":{"start":{"line":12,"column":0},"end":{"line":12,"column":86}},"12":{"start":{"line":13,"column":0},"end":{"line":13,"column":22}},"13":{"start":{"line":14,"column":0},"end":{"line":14,"column":12}},"14":{"start":{"line":15,"column":0},"end":{"line":15,"column":10}},"15":{"start":{"line":16,"column":0},"end":{"line":16,"column":9}},"16":{"start":{"line":17,"column":0},"end":{"line":17,"column":61}},"17":{"start":{"line":18,"column":0},"end":{"line":18,"column":10}},"18":{"start":{"line":19,"column":0},"end":{"line":19,"column":13}},"19":{"start":{"line":20,"column":0},"end":{"line":20,"column":4}},"20":{"start":{"line":21,"column":0},"end":{"line":21,"column":2}}},"s":{"0":1,"1":1,"2":1,"3":23,"4":23,"5":23,"6":23,"7":23,"8":23,"9":23,"10":23,"11":23,"12":23,"13":23,"14":23,"15":23,"16":23,"17":23,"18":23,"19":23,"20":23},"branchMap":{"0":{"type":"branch","line":3,"loc":{"start":{"line":3,"column":22},"end":{"line":21,"column":2}},"locations":[{"start":{"line":3,"column":22},"end":{"line":21,"column":2}}]}},"b":{"0":[23]},"fnMap":{"0":{"name":"Footer","decl":{"start":{"line":3,"column":22},"end":{"line":21,"column":2}},"loc":{"start":{"line":3,"column":22},"end":{"line":21,"column":2}},"line":3}},"f":{"0":23}}
,"/Users/pawelzajaczkowski/Desktop/Paweł/WebDev/React/Manual Boarding/src/components/Gap/Gap.tsx": {"path":"/Users/pawelzajaczkowski/Desktop/Paweł/WebDev/React/Manual Boarding/src/components/Gap/Gap.tsx","all":false,"statementMap":{"0":{"start":{"line":1,"column":0},"end":{"line":1,"column":38}},"1":{"start":{"line":2,"column":0},"end":{"line":2,"column":0}},"2":{"start":{"line":3,"column":0},"end":{"line":3,"column":26}},"3":{"start":{"line":4,"column":0},"end":{"line":4,"column":59}},"4":{"start":{"line":5,"column":0},"end":{"line":5,"column":2}}},"s":{"0":1,"1":1,"2":1,"3":768,"4":768},"branchMap":{"0":{"type":"branch","line":3,"loc":{"start":{"line":3,"column":19},"end":{"line":5,"column":2}},"locations":[{"start":{"line":3,"column":19},"end":{"line":5,"column":2}}]}},"b":{"0":[768]},"fnMap":{"0":{"name":"Gap","decl":{"start":{"line":3,"column":19},"end":{"line":5,"column":2}},"loc":{"start":{"line":3,"column":19},"end":{"line":5,"column":2}},"line":3}},"f":{"0":768}}
,"/Users/pawelzajaczkowski/Desktop/Paweł/WebDev/React/Manual Boarding/src/components/Header/Header.tsx": {"path":"/Users/pawelzajaczkowski/Desktop/Paweł/WebDev/React/Manual Boarding/src/components/Header/Header.tsx","all":false,"statementMap":{"0":{"start":{"line":1,"column":0},"end":{"line":1,"column":41}},"1":{"start":{"line":2,"column":0},"end":{"line":2,"column":53}},"2":{"start":{"line":3,"column":0},"end":{"line":3,"column":0}},"3":{"start":{"line":4,"column":0},"end":{"line":4,"column":56}},"4":{"start":{"line":5,"column":0},"end":{"line":5,"column":10}},"5":{"start":{"line":6,"column":0},"end":{"line":6,"column":6}},"6":{"start":{"line":7,"column":0},"end":{"line":7,"column":54}},"7":{"start":{"line":8,"column":0},"end":{"line":8,"column":14}},"8":{"start":{"line":9,"column":0},"end":{"line":9,"column":12}},"9":{"start":{"line":10,"column":0},"end":{"line":10,"column":38}},"10":{"start":{"line":11,"column":0},"end":{"line":11,"column":7}},"11":{"start":{"line":12,"column":0},"end":{"line":12,"column":4}},"12":{"start":{"line":13,"column":0},"end":{"line":13,"column":2}}},"s":{"0":1,"1":1,"2":1,"3":1,"4":23,"5":23,"6":23,"7":23,"8":23,"9":23,"10":23,"11":23,"12":23},"branchMap":{"0":{"type":"branch","line":4,"loc":{"start":{"line":4,"column":22},"end":{"line":13,"column":2}},"locations":[{"start":{"line":4,"column":22},"end":{"line":13,"column":2}}]}},"b":{"0":[23]},"fnMap":{"0":{"name":"Header","decl":{"start":{"line":4,"column":22},"end":{"line":13,"column":2}},"loc":{"start":{"line":4,"column":22},"end":{"line":13,"column":2}},"line":4}},"f":{"0":23}}
,"/Users/pawelzajaczkowski/Desktop/Paweł/WebDev/React/Manual Boarding/src/components/Row/Row.tsx": {"path":"/Users/pawelzajaczkowski/Desktop/Paweł/WebDev/React/Manual Boarding/src/components/Row/Row.tsx","all":false,"statementMap":{"0":{"start":{"line":1,"column":0},"end":{"line":1,"column":26}},"1":{"start":{"line":2,"column":0},"end":{"line":2,"column":38}},"2":{"start":{"line":3,"column":0},"end":{"line":3,"column":36}},"3":{"start":{"line":4,"column":0},"end":{"line":4,"column":33}},"4":{"start":{"line":5,"column":0},"end":{"line":5,"column":40}},"5":{"start":{"line":6,"column":0},"end":{"line":6,"column":50}},"6":{"start":{"line":7,"column":0},"end":{"line":7,"column":0}},"7":{"start":{"line":8,"column":0},"end":{"line":8,"column":63}},"8":{"start":{"line":9,"column":0},"end":{"line":9,"column":29}},"9":{"start":{"line":10,"column":0},"end":{"line":10,"column":0}},"10":{"start":{"line":11,"column":0},"end":{"line":11,"column":10}},"11":{"start":{"line":12,"column":0},"end":{"line":12,"column":8}},"12":{"start":{"line":13,"column":0},"end":{"line":13,"column":57}},"13":{"start":{"line":14,"column":0},"end":{"line":14,"column":13}},"14":{"start":{"line":15,"column":0},"end":{"line":15,"column":11}},"15":{"start":{"line":16,"column":0},"end":{"line":16,"column":39}},"16":{"start":{"line":17,"column":0},"end":{"line":17,"column":35}},"17":{"start":{"line":18,"column":0},"end":{"line":18,"column":15}},"18":{"start":{"line":19,"column":0},"end":{"line":19,"column":37}},"19":{"start":{"line":20,"column":0},"end":{"line":20,"column":57}},"20":{"start":{"line":21,"column":0},"end":{"line":21,"column":12}},"21":{"start":{"line":22,"column":0},"end":{"line":22,"column":35}},"22":{"start":{"line":23,"column":0},"end":{"line":23,"column":25}},"23":{"start":{"line":24,"column":0},"end":{"line":24,"column":9}},"24":{"start":{"line":25,"column":0},"end":{"line":25,"column":57}},"25":{"start":{"line":26,"column":0},"end":{"line":26,"column":13}},"26":{"start":{"line":27,"column":0},"end":{"line":27,"column":11}},"27":{"start":{"line":28,"column":0},"end":{"line":28,"column":9}},"28":{"start":{"line":29,"column":0},"end":{"line":29,"column":4}},"29":{"start":{"line":30,"column":0},"end":{"line":30,"column":2}}},"s":{"0":1,"1":1,"2":1,"3":1,"4":1,"5":1,"6":1,"7":1,"8":722,"9":722,"10":722,"11":722,"12":722,"13":722,"14":722,"15":722,"16":4332,"17":4332,"18":4332,"19":4332,"20":4332,"21":4332,"22":4332,"23":722,"24":722,"25":722,"26":722,"27":722,"28":722,"29":722},"branchMap":{"0":{"type":"branch","line":8,"loc":{"start":{"line":8,"column":19},"end":{"line":30,"column":2}},"locations":[{"start":{"line":8,"column":19},"end":{"line":30,"column":2}}]},"1":{"type":"branch","line":16,"loc":{"start":{"line":16,"column":17},"end":{"line":23,"column":25}},"locations":[{"start":{"line":16,"column":17},"end":{"line":23,"column":25}}]},"2":{"type":"branch","line":22,"loc":{"start":{"line":22,"column":20},"end":{"line":22,"column":35}},"locations":[{"start":{"line":22,"column":20},"end":{"line":22,"column":35}}]}},"b":{"0":[722],"1":[4332],"2":[722]},"fnMap":{"0":{"name":"Row","decl":{"start":{"line":8,"column":19},"end":{"line":30,"column":2}},"loc":{"start":{"line":8,"column":19},"end":{"line":30,"column":2}},"line":8}},"f":{"0":722}}
,"/Users/pawelzajaczkowski/Desktop/Paweł/WebDev/React/Manual Boarding/src/components/Seat/Seat.tsx": {"path":"/Users/pawelzajaczkowski/Desktop/Paweł/WebDev/React/Manual Boarding/src/components/Seat/Seat.tsx","all":false,"statementMap":{"0":{"start":{"line":1,"column":0},"end":{"line":1,"column":39}},"1":{"start":{"line":2,"column":0},"end":{"line":2,"column":51}},"2":{"start":{"line":3,"column":0},"end":{"line":3,"column":26}},"3":{"start":{"line":4,"column":0},"end":{"line":4,"column":12}},"4":{"start":{"line":5,"column":0},"end":{"line":5,"column":12}},"5":{"start":{"line":6,"column":0},"end":{"line":6,"column":15}},"6":{"start":{"line":7,"column":0},"end":{"line":7,"column":15}},"7":{"start":{"line":8,"column":0},"end":{"line":8,"column":23}},"8":{"start":{"line":9,"column":0},"end":{"line":9,"column":30}},"9":{"start":{"line":10,"column":0},"end":{"line":10,"column":2}},"10":{"start":{"line":11,"column":0},"end":{"line":11,"column":0}},"11":{"start":{"line":12,"column":0},"end":{"line":12,"column":74}},"12":{"start":{"line":13,"column":0},"end":{"line":13,"column":28}},"13":{"start":{"line":14,"column":0},"end":{"line":14,"column":67}},"14":{"start":{"line":15,"column":0},"end":{"line":15,"column":43}},"15":{"start":{"line":16,"column":0},"end":{"line":16,"column":49}},"16":{"start":{"line":17,"column":0},"end":{"line":17,"column":34}},"17":{"start":{"line":18,"column":0},"end":{"line":18,"column":35}},"18":{"start":{"line":19,"column":0},"end":{"line":19,"column":34}},"19":{"start":{"line":20,"column":0},"end":{"line":20,"column":0}},"20":{"start":{"line":21,"column":0},"end":{"line":21,"column":58}},"21":{"start":{"line":22,"column":0},"end":{"line":22,"column":57}},"22":{"start":{"line":23,"column":0},"end":{"line":23,"column":49}},"23":{"start":{"line":24,"column":0},"end":{"line":24,"column":51}},"24":{"start":{"line":25,"column":0},"end":{"line":25,"column":0}},"25":{"start":{"line":26,"column":0},"end":{"line":26,"column":33}},"26":{"start":{"line":27,"column":0},"end":{"line":27,"column":0}},"27":{"start":{"line":28,"column":0},"end":{"line":28,"column":10}},"28":{"start":{"line":29,"column":0},"end":{"line":29,"column":42}},"29":{"start":{"line":30,"column":0},"end":{"line":30,"column":20}},"30":{"start":{"line":31,"column":0},"end":{"line":31,"column":68}},"31":{"start":{"line":32,"column":0},"end":{"line":32,"column":11}},"32":{"start":{"line":33,"column":0},"end":{"line":33,"column":18}},"33":{"start":{"line":34,"column":0},"end":{"line":34,"column":8}},"34":{"start":{"line":35,"column":0},"end":{"line":35,"column":9}},"35":{"start":{"line":36,"column":0},"end":{"line":36,"column":4}},"36":{"start":{"line":37,"column":0},"end":{"line":37,"column":2}}},"s":{"0":1,"1":1,"2":1,"3":1,"4":1,"5":1,"6":1,"7":1,"8":1,"9":1,"10":1,"11":1,"12":4332,"13":4332,"14":4332,"15":4332,"16":4332,"17":4332,"18":4332,"19":4332,"20":4332,"21":4332,"22":4332,"23":4332,"24":4332,"25":4332,"26":4332,"27":4332,"28":4332,"29":4332,"30":280,"31":4052,"32":4052,"33":4332,"34":4332,"35":4332,"36":4332},"branchMap":{"0":{"type":"branch","line":12,"loc":{"start":{"line":12,"column":20},"end":{"line":37,"column":2}},"locations":[{"start":{"line":12,"column":20},"end":{"line":37,"column":2}}]},"1":{"type":"branch","line":16,"loc":{"start":{"line":16,"column":30},"end":{"line":16,"column":49}},"locations":[{"start":{"line":16,"column":30},"end":{"line":16,"column":49}}]},"2":{"type":"branch","line":21,"loc":{"start":{"line":21,"column":18},"end":{"line":21,"column":46}},"locations":[{"start":{"line":21,"column":18},"end":{"line":21,"column":46}}]},"3":{"type":"branch","line":21,"loc":{"start":{"line":21,"column":38},"end":{"line":21,"column":58}},"locations":[{"start":{"line":21,"column":38},"end":{"line":21,"column":58}}]},"4":{"type":"branch","line":22,"loc":{"start":{"line":22,"column":15},"end":{"line":22,"column":54}},"locations":[{"start":{"line":22,"column":15},"end":{"line":22,"column":54}}]},"5":{"type":"branch","line":22,"loc":{"start":{"line":22,"column":49},"end":{"line":22,"column":57}},"locations":[{"start":{"line":22,"column":49},"end":{"line":22,"column":57}}]},"6":{"type":"branch","line":23,"loc":{"start":{"line":23,"column":15},"end":{"line":23,"column":46}},"locations":[{"start":{"line":23,"column":15},"end":{"line":23,"column":46}}]},"7":{"type":"branch","line":23,"loc":{"start":{"line":23,"column":41},"end":{"line":23,"column":49}},"locations":[{"start":{"line":23,"column":41},"end":{"line":23,"column":49}}]},"8":{"type":"branch","line":24,"loc":{"start":{"line":24,"column":15},"end":{"line":24,"column":48}},"locations":[{"start":{"line":24,"column":15},"end":{"line":24,"column":48}}]},"9":{"type":"branch","line":24,"loc":{"start":{"line":24,"column":43},"end":{"line":24,"column":51}},"locations":[{"start":{"line":24,"column":43},"end":{"line":24,"column":51}}]},"10":{"type":"branch","line":26,"loc":{"start":{"line":26,"column":21},"end":{"line":26,"column":33}},"locations":[{"start":{"line":26,"column":21},"end":{"line":26,"column":33}}]},"11":{"type":"branch","line":30,"loc":{"start":{"line":30,"column":7},"end":{"line":31,"column":68}},"locations":[{"start":{"line":30,"column":7},"end":{"line":31,"column":68}}]},"12":{"type":"branch","line":31,"loc":{"start":{"line":31,"column":62},"end":{"line":33,"column":18}},"locations":[{"start":{"line":31,"column":62},"end":{"line":33,"column":18}}]}},"b":{"0":[4332],"1":[40],"2":[40],"3":[4292],"4":[200],"5":[4132],"6":[160],"7":[4172],"8":[59],"9":[4273],"10":[3780],"11":[280],"12":[4052]},"fnMap":{"0":{"name":"Seat","decl":{"start":{"line":12,"column":20},"end":{"line":37,"column":2}},"loc":{"start":{"line":12,"column":20},"end":{"line":37,"column":2}},"line":12}},"f":{"0":4332}}
,"/Users/pawelzajaczkowski/Desktop/Paweł/WebDev/React/Manual Boarding/src/components/SeatMap/SeatMap.tsx": {"path":"/Users/pawelzajaczkowski/Desktop/Paweł/WebDev/React/Manual Boarding/src/components/SeatMap/SeatMap.tsx","all":false,"statementMap":{"0":{"start":{"line":1,"column":0},"end":{"line":1,"column":26}},"1":{"start":{"line":2,"column":0},"end":{"line":2,"column":42}},"2":{"start":{"line":3,"column":0},"end":{"line":3,"column":40}},"3":{"start":{"line":4,"column":0},"end":{"line":4,"column":51}},"4":{"start":{"line":5,"column":0},"end":{"line":5,"column":33}},"5":{"start":{"line":6,"column":0},"end":{"line":6,"column":33}},"6":{"start":{"line":7,"column":0},"end":{"line":7,"column":0}},"7":{"start":{"line":8,"column":0},"end":{"line":8,"column":24}},"8":{"start":{"line":9,"column":0},"end":{"line":9,"column":27}},"9":{"start":{"line":10,"column":0},"end":{"line":10,"column":10}},"10":{"start":{"line":11,"column":0},"end":{"line":11,"column":19}},"11":{"start":{"line":12,"column":0},"end":{"line":12,"column":12}},"12":{"start":{"line":13,"column":0},"end":{"line":13,"column":23}},"13":{"start":{"line":14,"column":0},"end":{"line":14,"column":23}},"14":{"start":{"line":15,"column":0},"end":{"line":15,"column":6}},"15":{"start":{"line":16,"column":0},"end":{"line":16,"column":4}},"16":{"start":{"line":17,"column":0},"end":{"line":17,"column":1}},"17":{"start":{"line":18,"column":0},"end":{"line":18,"column":0}},"18":{"start":{"line":19,"column":0},"end":{"line":19,"column":66}},"19":{"start":{"line":20,"column":0},"end":{"line":20,"column":26}},"20":{"start":{"line":21,"column":0},"end":{"line":21,"column":36}},"21":{"start":{"line":22,"column":0},"end":{"line":22,"column":36}},"22":{"start":{"line":23,"column":0},"end":{"line":23,"column":10}},"23":{"start":{"line":24,"column":0},"end":{"line":24,"column":61}},"24":{"start":{"line":25,"column":0},"end":{"line":25,"column":13}},"25":{"start":{"line":26,"column":0},"end":{"line":26,"column":12}},"26":{"start":{"line":27,"column":0},"end":{"line":27,"column":19}},"27":{"start":{"line":28,"column":0},"end":{"line":28,"column":32}},"28":{"start":{"line":29,"column":0},"end":{"line":29,"column":39}},"29":{"start":{"line":30,"column":0},"end":{"line":30,"column":60}},"30":{"start":{"line":31,"column":0},"end":{"line":31,"column":41}},"31":{"start":{"line":32,"column":0},"end":{"line":32,"column":29}},"32":{"start":{"line":33,"column":0},"end":{"line":33,"column":13}},"33":{"start":{"line":34,"column":0},"end":{"line":34,"column":19}},"34":{"start":{"line":35,"column":0},"end":{"line":35,"column":13}},"35":{"start":{"line":36,"column":0},"end":{"line":36,"column":14}},"36":{"start":{"line":37,"column":0},"end":{"line":37,"column":13}},"37":{"start":{"line":38,"column":0},"end":{"line":38,"column":35}},"38":{"start":{"line":39,"column":0},"end":{"line":39,"column":36}},"39":{"start":{"line":40,"column":0},"end":{"line":40,"column":69}},"40":{"start":{"line":41,"column":0},"end":{"line":41,"column":48}},"41":{"start":{"line":42,"column":0},"end":{"line":42,"column":18}},"42":{"start":{"line":43,"column":0},"end":{"line":43,"column":23}},"43":{"start":{"line":44,"column":0},"end":{"line":44,"column":19}},"44":{"start":{"line":45,"column":0},"end":{"line":45,"column":14}},"45":{"start":{"line":46,"column":0},"end":{"line":46,"column":27}},"46":{"start":{"line":47,"column":0},"end":{"line":47,"column":11}},"47":{"start":{"line":48,"column":0},"end":{"line":48,"column":14}},"48":{"start":{"line":49,"column":0},"end":{"line":49,"column":12}},"49":{"start":{"line":50,"column":0},"end":{"line":50,"column":4}},"50":{"start":{"line":51,"column":0},"end":{"line":51,"column":2}}},"s":{"0":1,"1":1,"2":1,"3":1,"4":1,"5":1,"6":1,"7":1,"8":1,"9":1,"10":1,"11":1,"12":1,"13":1,"14":1,"15":1,"16":1,"17":1,"18":1,"19":23,"20":23,"21":23,"22":23,"23":23,"24":23,"25":23,"26":23,"27":23,"28":138,"29":138,"30":138,"31":138,"32":23,"33":23,"34":23,"35":23,"36":23,"37":23,"38":722,"39":722,"40":722,"41":46,"42":46,"43":46,"44":722,"45":722,"46":23,"47":23,"48":23,"49":23,"50":23},"branchMap":{"0":{"type":"branch","line":19,"loc":{"start":{"line":19,"column":23},"end":{"line":51,"column":2}},"locations":[{"start":{"line":19,"column":23},"end":{"line":51,"column":2}}]},"1":{"type":"branch","line":28,"loc":{"start":{"line":28,"column":21},"end":{"line":32,"column":29}},"locations":[{"start":{"line":28,"column":21},"end":{"line":32,"column":29}}]},"2":{"type":"branch","line":31,"loc":{"start":{"line":31,"column":24},"end":{"line":31,"column":41}},"locations":[{"start":{"line":31,"column":24},"end":{"line":31,"column":41}}]},"3":{"type":"branch","line":38,"loc":{"start":{"line":38,"column":18},"end":{"line":46,"column":27}},"locations":[{"start":{"line":38,"column":18},"end":{"line":46,"column":27}}]},"4":{"type":"branch","line":41,"loc":{"start":{"line":41,"column":22},"end":{"line":41,"column":48}},"locations":[{"start":{"line":41,"column":22},"end":{"line":41,"column":48}}]},"5":{"type":"branch","line":41,"loc":{"start":{"line":41,"column":38},"end":{"line":44,"column":19}},"locations":[{"start":{"line":41,"column":38},"end":{"line":44,"column":19}}]}},"b":{"0":[23],"1":[138],"2":[23],"3":[722],"4":[699],"5":[46]},"fnMap":{"0":{"name":"SeatMap","decl":{"start":{"line":19,"column":23},"end":{"line":51,"column":2}},"loc":{"start":{"line":19,"column":23},"end":{"line":51,"column":2}},"line":19}},"f":{"0":23}}
,"/Users/pawelzajaczkowski/Desktop/Paweł/WebDev/React/Manual Boarding/src/components/SeatMapLabels/SeatMapLabels.tsx": {"path":"/Users/pawelzajaczkowski/Desktop/Paweł/WebDev/React/Manual Boarding/src/components/SeatMapLabels/SeatMapLabels.tsx","all":false,"statementMap":{"0":{"start":{"line":1,"column":0},"end":{"line":1,"column":48}},"1":{"start":{"line":2,"column":0},"end":{"line":2,"column":60}},"2":{"start":{"line":3,"column":0},"end":{"line":3,"column":0}},"3":{"start":{"line":4,"column":0},"end":{"line":4,"column":31}},"4":{"start":{"line":5,"column":0},"end":{"line":5,"column":10}},"5":{"start":{"line":6,"column":0},"end":{"line":6,"column":80}},"6":{"start":{"line":7,"column":0},"end":{"line":7,"column":43}},"7":{"start":{"line":8,"column":0},"end":{"line":8,"column":4}},"8":{"start":{"line":9,"column":0},"end":{"line":9,"column":27}},"9":{"start":{"line":10,"column":0},"end":{"line":10,"column":10}},"10":{"start":{"line":11,"column":0},"end":{"line":11,"column":72}},"11":{"start":{"line":12,"column":0},"end":{"line":12,"column":59}},"12":{"start":{"line":13,"column":0},"end":{"line":13,"column":23}},"13":{"start":{"line":14,"column":0},"end":{"line":14,"column":52}},"14":{"start":{"line":15,"column":0},"end":{"line":15,"column":11}},"15":{"start":{"line":16,"column":0},"end":{"line":16,"column":42}},"16":{"start":{"line":17,"column":0},"end":{"line":17,"column":12}},"17":{"start":{"line":18,"column":0},"end":{"line":18,"column":12}},"18":{"start":{"line":19,"column":0},"end":{"line":19,"column":59}},"19":{"start":{"line":20,"column":0},"end":{"line":20,"column":23}},"20":{"start":{"line":21,"column":0},"end":{"line":21,"column":52}},"21":{"start":{"line":22,"column":0},"end":{"line":22,"column":11}},"22":{"start":{"line":23,"column":0},"end":{"line":23,"column":42}},"23":{"start":{"line":24,"column":0},"end":{"line":24,"column":12}},"24":{"start":{"line":25,"column":0},"end":{"line":25,"column":12}},"25":{"start":{"line":26,"column":0},"end":{"line":26,"column":59}},"26":{"start":{"line":27,"column":0},"end":{"line":27,"column":23}},"27":{"start":{"line":28,"column":0},"end":{"line":28,"column":52}},"28":{"start":{"line":29,"column":0},"end":{"line":29,"column":11}},"29":{"start":{"line":30,"column":0},"end":{"line":30,"column":42}},"30":{"start":{"line":31,"column":0},"end":{"line":31,"column":12}},"31":{"start":{"line":32,"column":0},"end":{"line":32,"column":12}},"32":{"start":{"line":33,"column":0},"end":{"line":33,"column":10}},"33":{"start":{"line":34,"column":0},"end":{"line":34,"column":4}},"34":{"start":{"line":35,"column":0},"end":{"line":35,"column":2}}},"s":{"0":1,"1":1,"2":1,"3":1,"4":23,"5":23,"6":23,"7":23,"8":23,"9":23,"10":23,"11":23,"12":23,"13":23,"14":23,"15":23,"16":23,"17":23,"18":23,"19":23,"20":23,"21":23,"22":23,"23":23,"24":23,"25":23,"26":23,"27":23,"28":23,"29":23,"30":23,"31":23,"32":23,"33":23,"34":23},"branchMap":{"0":{"type":"branch","line":4,"loc":{"start":{"line":4,"column":29},"end":{"line":35,"column":2}},"locations":[{"start":{"line":4,"column":29},"end":{"line":35,"column":2}}]}},"b":{"0":[23]},"fnMap":{"0":{"name":"SeatMapLabels","decl":{"start":{"line":4,"column":29},"end":{"line":35,"column":2}},"loc":{"start":{"line":4,"column":29},"end":{"line":35,"column":2}},"line":4}},"f":{"0":23}}
,"/Users/pawelzajaczkowski/Desktop/Paweł/WebDev/React/Manual Boarding/src/components/Totals/Totals.tsx": {"path":"/Users/pawelzajaczkowski/Desktop/Paweł/WebDev/React/Manual Boarding/src/components/Totals/Totals.tsx","all":false,"statementMap":{"0":{"start":{"line":1,"column":0},"end":{"line":1,"column":41}},"1":{"start":{"line":2,"column":0},"end":{"line":2,"column":48}},"2":{"start":{"line":3,"column":0},"end":{"line":3,"column":53}},"3":{"start":{"line":4,"column":0},"end":{"line":4,"column":0}},"4":{"start":{"line":5,"column":0},"end":{"line":5,"column":24}},"5":{"start":{"line":6,"column":0},"end":{"line":6,"column":36}},"6":{"start":{"line":7,"column":0},"end":{"line":7,"column":9}},"7":{"start":{"line":8,"column":0},"end":{"line":8,"column":20}},"8":{"start":{"line":9,"column":0},"end":{"line":9,"column":19}},"9":{"start":{"line":10,"column":0},"end":{"line":10,"column":32}},"10":{"start":{"line":11,"column":0},"end":{"line":11,"column":34}},"11":{"start":{"line":12,"column":0},"end":{"line":12,"column":31}},"12":{"start":{"line":13,"column":0},"end":{"line":13,"column":27}},"13":{"start":{"line":14,"column":0},"end":{"line":14,"column":53}},"14":{"start":{"line":15,"column":0},"end":{"line":15,"column":53}},"15":{"start":{"line":16,"column":0},"end":{"line":16,"column":72}},"16":{"start":{"line":17,"column":0},"end":{"line":17,"column":63}},"17":{"start":{"line":18,"column":0},"end":{"line":18,"column":10}},"18":{"start":{"line":19,"column":0},"end":{"line":19,"column":58}},"19":{"start":{"line":20,"column":0},"end":{"line":20,"column":13}},"20":{"start":{"line":21,"column":0},"end":{"line":21,"column":12}},"21":{"start":{"line":22,"column":0},"end":{"line":22,"column":49}},"22":{"start":{"line":23,"column":0},"end":{"line":23,"column":15}},"23":{"start":{"line":24,"column":0},"end":{"line":24,"column":33}},"24":{"start":{"line":25,"column":0},"end":{"line":25,"column":25}},"25":{"start":{"line":26,"column":0},"end":{"line":26,"column":56}},"26":{"start":{"line":27,"column":0},"end":{"line":27,"column":13}},"27":{"start":{"line":28,"column":0},"end":{"line":28,"column":22}},"28":{"start":{"line":29,"column":0},"end":{"line":29,"column":17}},"29":{"start":{"line":30,"column":0},"end":{"line":30,"column":13}},"30":{"start":{"line":31,"column":0},"end":{"line":31,"column":13}},"31":{"start":{"line":32,"column":0},"end":{"line":32,"column":14}},"32":{"start":{"line":33,"column":0},"end":{"line":33,"column":13}},"33":{"start":{"line":34,"column":0},"end":{"line":34,"column":44}},"34":{"start":{"line":35,"column":0},"end":{"line":35,"column":45}},"35":{"start":{"line":36,"column":0},"end":{"line":36,"column":0}},"36":{"start":{"line":37,"column":0},"end":{"line":37,"column":18}},"37":{"start":{"line":38,"column":0},"end":{"line":38,"column":33}},"38":{"start":{"line":39,"column":0},"end":{"line":39,"column":80}},"39":{"start":{"line":40,"column":0},"end":{"line":40,"column":61}},"40":{"start":{"line":41,"column":0},"end":{"line":41,"column":35}},"41":{"start":{"line":42,"column":0},"end":{"line":42,"column":54}},"42":{"start":{"line":43,"column":0},"end":{"line":43,"column":42}},"43":{"start":{"line":44,"column":0},"end":{"line":44,"column":23}},"44":{"start":{"line":45,"column":0},"end":{"line":45,"column":19}},"45":{"start":{"line":46,"column":0},"end":{"line":46,"column":35}},"46":{"start":{"line":47,"column":0},"end":{"line":47,"column":70}},"47":{"start":{"line":48,"column":0},"end":{"line":48,"column":44}},"48":{"start":{"line":49,"column":0},"end":{"line":49,"column":23}},"49":{"start":{"line":50,"column":0},"end":{"line":50,"column":19}},"50":{"start":{"line":51,"column":0},"end":{"line":51,"column":66}},"51":{"start":{"line":52,"column":0},"end":{"line":52,"column":57}},"52":{"start":{"line":53,"column":0},"end":{"line":53,"column":58}},"53":{"start":{"line":54,"column":0},"end":{"line":54,"column":26}},"54":{"start":{"line":55,"column":0},"end":{"line":55,"column":21}},"55":{"start":{"line":56,"column":0},"end":{"line":56,"column":73}},"56":{"start":{"line":57,"column":0},"end":{"line":57,"column":32}},"57":{"start":{"line":58,"column":0},"end":{"line":58,"column":23}},"58":{"start":{"line":59,"column":0},"end":{"line":59,"column":19}},"59":{"start":{"line":60,"column":0},"end":{"line":60,"column":66}},"60":{"start":{"line":61,"column":0},"end":{"line":61,"column":68}},"61":{"start":{"line":62,"column":0},"end":{"line":62,"column":43}},"62":{"start":{"line":63,"column":0},"end":{"line":63,"column":23}},"63":{"start":{"line":64,"column":0},"end":{"line":64,"column":19}},"64":{"start":{"line":65,"column":0},"end":{"line":65,"column":17}},"65":{"start":{"line":66,"column":0},"end":{"line":66,"column":12}},"66":{"start":{"line":67,"column":0},"end":{"line":67,"column":11}},"67":{"start":{"line":68,"column":0},"end":{"line":68,"column":14}},"68":{"start":{"line":69,"column":0},"end":{"line":69,"column":12}},"69":{"start":{"line":70,"column":0},"end":{"line":70,"column":4}},"70":{"start":{"line":71,"column":0},"end":{"line":71,"column":2}}},"s":{"0":1,"1":1,"2":1,"3":1,"4":1,"5":23,"6":23,"7":23,"8":23,"9":23,"10":22,"11":22,"12":23,"13":23,"14":23,"15":23,"16":23,"17":23,"18":23,"19":23,"20":23,"21":23,"22":138,"23":138,"24":138,"25":138,"26":138,"27":138,"28":138,"29":23,"30":23,"31":23,"32":23,"33":23,"34":92,"35":92,"36":92,"37":92,"38":92,"39":92,"40":92,"41":92,"42":4,"43":88,"44":92,"45":92,"46":92,"47":4,"48":88,"49":92,"50":92,"51":92,"52":92,"53":92,"54":4,"55":4,"56":4,"57":88,"58":92,"59":92,"60":92,"61":4,"62":88,"63":92,"64":92,"65":92,"66":23,"67":23,"68":23,"69":23,"70":23},"branchMap":{"0":{"type":"branch","line":5,"loc":{"start":{"line":5,"column":22},"end":{"line":71,"column":2}},"locations":[{"start":{"line":5,"column":22},"end":{"line":71,"column":2}}]},"1":{"type":"branch","line":10,"loc":{"start":{"line":10,"column":28},"end":{"line":11,"column":34}},"locations":[{"start":{"line":10,"column":28},"end":{"line":11,"column":34}}]},"2":{"type":"branch","line":11,"loc":{"start":{"line":11,"column":30},"end":{"line":12,"column":31}},"locations":[{"start":{"line":11,"column":30},"end":{"line":12,"column":31}}]},"3":{"type":"branch","line":22,"loc":{"start":{"line":22,"column":29},"end":{"line":29,"column":17}},"locations":[{"start":{"line":22,"column":29},"end":{"line":29,"column":17}}]},"4":{"type":"branch","line":26,"loc":{"start":{"line":26,"column":36},"end":{"line":26,"column":46}},"locations":[{"start":{"line":26,"column":36},"end":{"line":26,"column":46}}]},"5":{"type":"branch","line":26,"loc":{"start":{"line":26,"column":41},"end":{"line":26,"column":56}},"locations":[{"start":{"line":26,"column":41},"end":{"line":26,"column":56}}]},"6":{"type":"branch","line":34,"loc":{"start":{"line":34,"column":25},"end":{"line":67,"column":9}},"locations":[{"start":{"line":34,"column":25},"end":{"line":67,"column":9}}]},"7":{"type":"branch","line":39,"loc":{"start":{"line":39,"column":37},"end":{"line":39,"column":53}},"locations":[{"start":{"line":39,"column":37},"end":{"line":39,"column":53}}]},"8":{"type":"branch","line":39,"loc":{"start":{"line":39,"column":41},"end":{"line":39,"column":58}},"locations":[{"start":{"line":39,"column":41},"end":{"line":39,"column":58}}]},"9":{"type":"branch","line":42,"loc":{"start":{"line":42,"column":34},"end":{"line":42,"column":54}},"locations":[{"start":{"line":42,"column":34},"end":{"line":42,"column":54}}]},"10":{"type":"branch","line":42,"loc":{"start":{"line":42,"column":45},"end":{"line":43,"column":42}},"locations":[{"start":{"line":42,"column":45},"end":{"line":43,"column":42}}]},"11":{"type":"branch","line":43,"loc":{"start":{"line":43,"column":36},"end":{"line":44,"column":23}},"locations":[{"start":{"line":43,"column":36},"end":{"line":44,"column":23}}]},"12":{"type":"branch","line":47,"loc":{"start":{"line":47,"column":61},"end":{"line":48,"column":44}},"locations":[{"start":{"line":47,"column":61},"end":{"line":48,"column":44}}]},"13":{"type":"branch","line":48,"loc":{"start":{"line":48,"column":36},"end":{"line":49,"column":23}},"locations":[{"start":{"line":48,"column":36},"end":{"line":49,"column":23}}]},"14":{"type":"branch","line":51,"loc":{"start":{"line":51,"column":39},"end":{"line":51,"column":60}},"locations":[{"start":{"line":51,"column":39},"end":{"line":51,"column":60}}]},"15":{"type":"branch","line":51,"loc":{"start":{"line":51,"column":43},"end":{"line":51,"column":66}},"locations":[{"start":{"line":51,"column":43},"end":{"line":51,"column":66}}]},"16":{"type":"branch","line":54,"loc":{"start":{"line":54,"column":17},"end":{"line":57,"column":32}},"locations":[{"start":{"line":54,"column":17},"end":{"line":57,"column":32}}]},"17":{"type":"branch","line":57,"loc":{"start":{"line":57,"column":31},"end":{"line":58,"column":23}},"locations":[{"start":{"line":57,"column":31},"end":{"line":58,"column":23}}]},"18":{"type":"branch","line":60,"loc":{"start":{"line":60,"column":39},"end":{"line":60,"column":60}},"locations":[{"start":{"line":60,"column":39},"end":{"line":60,"column":60}}]},"19":{"type":"branch","line":60,"loc":{"start":{"line":60,"column":43},"end":{"line":60,"column":66}},"locations":[{"start":{"line":60,"column":43},"end":{"line":60,"column":66}}]},"20":{"type":"branch","line":61,"loc":{"start":{"line":61,"column":59},"end":{"line":62,"column":43}},"locations":[{"start":{"line":61,"column":59},"end":{"line":62,"column":43}}]},"21":{"type":"branch","line":62,"loc":{"start":{"line":62,"column":36},"end":{"line":63,"column":23}},"locations":[{"start":{"line":62,"column":36},"end":{"line":63,"column":23}}]}},"b":{"0":[23],"1":[22],"2":[22],"3":[138],"4":[46],"5":[92],"6":[92],"7":[69],"8":[23],"9":[4],"10":[4],"11":[88],"12":[4],"13":[88],"14":[23],"15":[69],"16":[4],"17":[88],"18":[23],"19":[69],"20":[4],"21":[88]},"fnMap":{"0":{"name":"Totals","decl":{"start":{"line":5,"column":22},"end":{"line":71,"column":2}},"loc":{"start":{"line":5,"column":22},"end":{"line":71,"column":2}},"line":5}},"f":{"0":23}}
,"/Users/pawelzajaczkowski/Desktop/Paweł/WebDev/React/Manual Boarding/src/components/Wrapper/Wrapper.tsx": {"path":"/Users/pawelzajaczkowski/Desktop/Paweł/WebDev/React/Manual Boarding/src/components/Wrapper/Wrapper.tsx","all":false,"statementMap":{"0":{"start":{"line":1,"column":0},"end":{"line":1,"column":42}},"1":{"start":{"line":2,"column":0},"end":{"line":2,"column":54}},"2":{"start":{"line":3,"column":0},"end":{"line":3,"column":0}},"3":{"start":{"line":4,"column":0},"end":{"line":4,"column":74}},"4":{"start":{"line":5,"column":0},"end":{"line":5,"column":10}},"5":{"start":{"line":6,"column":0},"end":{"line":6,"column":79}},"6":{"start":{"line":7,"column":0},"end":{"line":7,"column":4}},"7":{"start":{"line":8,"column":0},"end":{"line":8,"column":2}}},"s":{"0":1,"1":1,"2":1,"3":1,"4":46,"5":46,"6":46,"7":46},"branchMap":{"0":{"type":"branch","line":4,"loc":{"start":{"line":4,"column":23},"end":{"line":8,"column":2}},"locations":[{"start":{"line":4,"column":23},"end":{"line":8,"column":2}}]},"1":{"type":"branch","line":6,"loc":{"start":{"line":6,"column":20},"end":{"line":6,"column":47}},"locations":[{"start":{"line":6,"column":20},"end":{"line":6,"column":47}}]},"2":{"type":"branch","line":6,"loc":{"start":{"line":6,"column":38},"end":{"line":6,"column":64}},"locations":[{"start":{"line":6,"column":38},"end":{"line":6,"column":64}}]}},"b":{"0":[46],"1":[23],"2":[23]},"fnMap":{"0":{"name":"Wrapper","decl":{"start":{"line":4,"column":23},"end":{"line":8,"column":2}},"loc":{"start":{"line":4,"column":23},"end":{"line":8,"column":2}},"line":4}},"f":{"0":46}}
,"/Users/pawelzajaczkowski/Desktop/Paweł/WebDev/React/Manual Boarding/src/helpers/generateHexCode.ts": {"path":"/Users/pawelzajaczkowski/Desktop/Paweł/WebDev/React/Manual Boarding/src/helpers/generateHexCode.ts","all":false,"statementMap":{"0":{"start":{"line":1,"column":0},"end":{"line":1,"column":43}},"1":{"start":{"line":2,"column":0},"end":{"line":2,"column":18}},"2":{"start":{"line":3,"column":0},"end":{"line":3,"column":8}},"3":{"start":{"line":4,"column":0},"end":{"line":4,"column":8}},"4":{"start":{"line":5,"column":0},"end":{"line":5,"column":8}},"5":{"start":{"line":6,"column":0},"end":{"line":6,"column":8}},"6":{"start":{"line":7,"column":0},"end":{"line":7,"column":8}},"7":{"start":{"line":8,"column":0},"end":{"line":8,"column":8}},"8":{"start":{"line":9,"column":0},"end":{"line":9,"column":8}},"9":{"start":{"line":10,"column":0},"end":{"line":10,"column":8}},"10":{"start":{"line":11,"column":0},"end":{"line":11,"column":8}},"11":{"start":{"line":12,"column":0},"end":{"line":12,"column":8}},"12":{"start":{"line":13,"column":0},"end":{"line":13,"column":8}},"13":{"start":{"line":14,"column":0},"end":{"line":14,"column":8}},"14":{"start":{"line":15,"column":0},"end":{"line":15,"column":8}},"15":{"start":{"line":16,"column":0},"end":{"line":16,"column":8}},"16":{"start":{"line":17,"column":0},"end":{"line":17,"column":8}},"17":{"start":{"line":18,"column":0},"end":{"line":18,"column":8}},"18":{"start":{"line":19,"column":0},"end":{"line":19,"column":4}},"19":{"start":{"line":20,"column":0},"end":{"line":20,"column":19}},"20":{"start":{"line":21,"column":0},"end":{"line":21,"column":31}},"21":{"start":{"line":22,"column":0},"end":{"line":22,"column":54}},"22":{"start":{"line":23,"column":0},"end":{"line":23,"column":3}},"23":{"start":{"line":24,"column":0},"end":{"line":24,"column":23}},"24":{"start":{"line":25,"column":0},"end":{"line":25,"column":1}}},"s":{"0":1,"1":11,"2":11,"3":11,"4":11,"5":11,"6":11,"7":11,"8":11,"9":11,"10":11,"11":11,"12":11,"13":11,"14":11,"15":11,"16":11,"17":11,"18":11,"19":11,"20":11,"21":33,"22":33,"23":11,"24":11},"branchMap":{"0":{"type":"branch","line":1,"loc":{"start":{"line":1,"column":7},"end":{"line":25,"column":1}},"locations":[{"start":{"line":1,"column":7},"end":{"line":25,"column":1}}]},"1":{"type":"branch","line":21,"loc":{"start":{"line":21,"column":30},"end":{"line":23,"column":3}},"locations":[{"start":{"line":21,"column":30},"end":{"line":23,"column":3}}]}},"b":{"0":[11],"1":[33]},"fnMap":{"0":{"name":"generateHexCode","decl":{"start":{"line":1,"column":7},"end":{"line":25,"column":1}},"loc":{"start":{"line":1,"column":7},"end":{"line":25,"column":1}},"line":1}},"f":{"0":11}}
,"/Users/pawelzajaczkowski/Desktop/Paweł/WebDev/React/Manual Boarding/src/helpers/generateSeqNumbersArray.ts": {"path":"/Users/pawelzajaczkowski/Desktop/Paweł/WebDev/React/Manual Boarding/src/helpers/generateSeqNumbersArray.ts","all":false,"statementMap":{"0":{"start":{"line":1,"column":0},"end":{"line":1,"column":64}},"1":{"start":{"line":2,"column":0},"end":{"line":2,"column":20}},"2":{"start":{"line":3,"column":0},"end":{"line":3,"column":34}},"3":{"start":{"line":4,"column":0},"end":{"line":4,"column":19}},"4":{"start":{"line":5,"column":0},"end":{"line":5,"column":3}},"5":{"start":{"line":6,"column":0},"end":{"line":6,"column":16}},"6":{"start":{"line":7,"column":0},"end":{"line":7,"column":1}}},"s":{"0":1,"1":23,"2":23,"3":4265,"4":4265,"5":23,"6":23},"branchMap":{"0":{"type":"branch","line":1,"loc":{"start":{"line":1,"column":7},"end":{"line":7,"column":1}},"locations":[{"start":{"line":1,"column":7},"end":{"line":7,"column":1}}]},"1":{"type":"branch","line":3,"loc":{"start":{"line":3,"column":33},"end":{"line":5,"column":3}},"locations":[{"start":{"line":3,"column":33},"end":{"line":5,"column":3}}]}},"b":{"0":[23],"1":[4265]},"fnMap":{"0":{"name":"generateSeqNumbersArray","decl":{"start":{"line":1,"column":7},"end":{"line":7,"column":1}},"loc":{"start":{"line":1,"column":7},"end":{"line":7,"column":1}},"line":1}},"f":{"0":23}}
[...]
d":{"line":100,"column":0}},"100":{"start":{"line":101,"column":0},"end":{"line":101,"column":33}},"101":{"start":{"line":102,"column":0},"end":{"line":102,"column":25}},"102":{"start":{"line":103,"column":0},"end":{"line":103,"column":28}},"103":{"start":{"line":104,"column":0},"end":{"line":104,"column":34}},"104":{"start":{"line":105,"column":0},"end":{"line":105,"column":18}},"105":{"start":{"line":106,"column":0},"end":{"line":106,"column":52}},"106":{"start":{"line":107,"column":0},"end":{"line":107,"column":76}},"107":{"start":{"line":108,"column":0},"end":{"line":108,"column":25}},"108":{"start":{"line":109,"column":0},"end":{"line":109,"column":44}},"109":{"start":{"line":110,"column":0},"end":{"line":110,"column":7}},"110":{"start":{"line":111,"column":0},"end":{"line":111,"column":5}},"111":{"start":{"line":112,"column":0},"end":{"line":112,"column":59}},"112":{"start":{"line":113,"column":0},"end":{"line":113,"column":36}},"113":{"start":{"line":114,"column":0},"end":{"line":114,"column":53}},"114":{"start":{"line":115,"column":0},"end":{"line":115,"column":8}},"115":{"start":{"line":116,"column":0},"end":{"line":116,"column":25}},"116":{"start":{"line":117,"column":0},"end":{"line":117,"column":51}},"117":{"start":{"line":118,"column":0},"end":{"line":118,"column":7}},"118":{"start":{"line":119,"column":0},"end":{"line":119,"column":5}},"119":{"start":{"line":120,"column":0},"end":{"line":120,"column":0}},"120":{"start":{"line":121,"column":0},"end":{"line":121,"column":19}},"121":{"start":{"line":122,"column":0},"end":{"line":122,"column":3}},"122":{"start":{"line":123,"column":0},"end":{"line":123,"column":0}},"123":{"start":{"line":124,"column":0},"end":{"line":124,"column":63}},"124":{"start":{"line":125,"column":0},"end":{"line":125,"column":25}},"125":{"start":{"line":126,"column":0},"end":{"line":126,"column":26}},"126":{"start":{"line":127,"column":0},"end":{"line":127,"column":22}},"127":{"start":{"line":128,"column":0},"end":{"line":128,"column":46}},"128":{"start":{"line":129,"column":0},"end":{"line":129,"column":35}},"129":{"start":{"line":130,"column":0},"end":{"line":130,"column":63}},"130":{"start":{"line":131,"column":0},"end":{"line":131,"column":21}},"131":{"start":{"line":132,"column":0},"end":{"line":132,"column":23}},"132":{"start":{"line":133,"column":0},"end":{"line":133,"column":23}},"133":{"start":{"line":134,"column":0},"end":{"line":134,"column":10}},"134":{"start":{"line":135,"column":0},"end":{"line":135,"column":37}},"135":{"start":{"line":136,"column":0},"end":{"line":136,"column":14}},"136":{"start":{"line":137,"column":0},"end":{"line":137,"column":32}},"137":{"start":{"line":138,"column":0},"end":{"line":138,"column":7}},"138":{"start":{"line":139,"column":0},"end":{"line":139,"column":5}},"139":{"start":{"line":140,"column":0},"end":{"line":140,"column":19}},"140":{"start":{"line":141,"column":0},"end":{"line":141,"column":3}},"141":{"start":{"line":142,"column":0},"end":{"line":142,"column":0}},"142":{"start":{"line":143,"column":0},"end":{"line":143,"column":25}},"143":{"start":{"line":144,"column":0},"end":{"line":144,"column":20}},"144":{"start":{"line":145,"column":0},"end":{"line":145,"column":25}},"145":{"start":{"line":146,"column":0},"end":{"line":146,"column":25}},"146":{"start":{"line":147,"column":0},"end":{"line":147,"column":31}},"147":{"start":{"line":148,"column":0},"end":{"line":148,"column":22}},"148":{"start":{"line":149,"column":0},"end":{"line":149,"column":47}},"149":{"start":{"line":150,"column":0},"end":{"line":150,"column":72}},"150":{"start":{"line":151,"column":0},"end":{"line":151,"column":21}},"151":{"start":{"line":152,"column":0},"end":{"line":152,"column":20}},"152":{"start":{"line":153,"column":0},"end":{"line":153,"column":15}},"153":{"start":{"line":154,"column":0},"end":{"line":154,"column":21}},"154":{"start":{"line":155,"column":0},"end":{"line":155,"column":32}},"155":{"start":{"line":156,"column":0},"end":{"line":156,"column":28}},"156":{"start":{"line":157,"column":0},"end":{"line":157,"column":32}},"157":{"start":{"line":158,"column":0},"end":{"line":158,"column":7}},"158":{"start":{"line":159,"column":0},"end":{"line":159,"column":22}},"159":{"start":{"line":160,"column":0},"end":{"line":160,"column":20}},"160":{"start":{"line":161,"column":0},"end":{"line":161,"column":30}},"161":{"start":{"line":162,"column":0},"end":{"line":162,"column":20}},"162":{"start":{"line":163,"column":0},"end":{"line":163,"column":5}},"163":{"start":{"line":164,"column":0},"end":{"line":164,"column":50}},"164":{"start":{"line":165,"column":0},"end":{"line":165,"column":3}},"165":{"start":{"line":166,"column":0},"end":{"line":166,"column":0}},"166":{"start":{"line":167,"column":0},"end":{"line":167,"column":64}},"167":{"start":{"line":168,"column":0},"end":{"line":168,"column":16}},"168":{"start":{"line":169,"column":0},"end":{"line":169,"column":49}},"169":{"start":{"line":170,"column":0},"end":{"line":170,"column":25}},"170":{"start":{"line":171,"column":0},"end":{"line":171,"column":33}},"171":{"start":{"line":172,"column":0},"end":{"line":172,"column":38}},"172":{"start":{"line":173,"column":0},"end":{"line":173,"column":35}},"173":{"start":{"line":174,"column":0},"end":{"line":174,"column":34}},"174":{"start":{"line":175,"column":0},"end":{"line":175,"column":12}},"175":{"start":{"line":176,"column":0},"end":{"line":176,"column":25}},"176":{"start":{"line":177,"column":0},"end":{"line":177,"column":14}},"177":{"start":{"line":178,"column":0},"end":{"line":178,"column":10}},"178":{"start":{"line":179,"column":0},"end":{"line":179,"column":28}},"179":{"start":{"line":180,"column":0},"end":{"line":180,"column":34}},"180":{"start":{"line":181,"column":0},"end":{"line":181,"column":8}},"181":{"start":{"line":182,"column":0},"end":{"line":182,"column":0}},"182":{"start":{"line":183,"column":0},"end":{"line":183,"column":39}},"183":{"start":{"line":184,"column":0},"end":{"line":184,"column":12}},"184":{"start":{"line":185,"column":0},"end":{"line":185,"column":44}},"185":{"start":{"line":186,"column":0},"end":{"line":186,"column":30}},"186":{"start":{"line":187,"column":0},"end":{"line":187,"column":27}},"187":{"start":{"line":188,"column":0},"end":{"line":188,"column":35}},"188":{"start":{"line":189,"column":0},"end":{"line":189,"column":40}},"189":{"start":{"line":190,"column":0},"end":{"line":190,"column":37}},"190":{"start":{"line":191,"column":0},"end":{"line":191,"column":36}},"191":{"start":{"line":192,"column":0},"end":{"line":192,"column":14}},"192":{"start":{"line":193,"column":0},"end":{"line":193,"column":26}},"193":{"start":{"line":194,"column":0},"end":{"line":194,"column":12}},"194":{"start":{"line":195,"column":0},"end":{"line":195,"column":30}},"195":{"start":{"line":196,"column":0},"end":{"line":196,"column":36}},"196":{"start":{"line":197,"column":0},"end":{"line":197,"column":9}},"197":{"start":{"line":198,"column":0},"end":{"line":198,"column":8}},"198":{"start":{"line":199,"column":0},"end":{"line":199,"column":0}},"199":{"start":{"line":200,"column":0},"end":{"line":200,"column":40}},"200":{"start":{"line":201,"column":0},"end":{"line":201,"column":5}},"201":{"start":{"line":202,"column":0},"end":{"line":202,"column":3}},"202":{"start":{"line":203,"column":0},"end":{"line":203,"column":0}},"203":{"start":{"line":204,"column":0},"end":{"line":204,"column":40}},"204":{"start":{"line":205,"column":0},"end":{"line":205,"column":1}}},"s":{"0":1,"1":1,"2":1,"3":1,"4":1,"5":1,"6":1,"7":23,"8":23,"9":23,"10":23,"11":23,"12":23,"13":23,"14":23,"15":23,"16":13,"17":13,"18":13,"19":13,"20":415,"21":2490,"22":2490,"23":2490,"24":2490,"25":2490,"26":2490,"27":2490,"28":2490,"29":2490,"30":2490,"31":2490,"32":415,"33":13,"34":13,"35":13,"36":23,"37":23,"38":23,"39":13,"40":13,"41":13,"42":13,"43":13,"44":13,"45":115,"46":115,"47":115,"48":115,"49":78,"50":115,"51":37,"52":37,"53":37,"54":37,"55":115,"56":115,"57":115,"58":13,"59":13,"60":13,"61":23,"62":23,"63":23,"64":23,"65":23,"66":23,"67":13,"68":13,"69":13,"70":13,"71":13,"72":13,"73":3,"74":534,"75":526,"76":526,"77":534,"78":8,"79":8,"80":534,"81":13,"82":10,"83":1878,"84":1878,"85":10,"86":13,"87":13,"88":23,"89":23,"90":526,"91":526,"92":205,"93":526,"94":202,"95":321,"96":119,"97":119,"98":526,"99":23,"100":23,"101":13,"102":13,"103":13,"104":13,"105":13,"106":386,"107":386,"108":386,"109":386,"110":386,"111":13,"112":185,"113":185,"114":185,"115":185,"116":185,"117":185,"118":185,"119":185,"120":185,"121":13,"122":23,"123":23,"124":3,"125":3,"126":3,"127":3,"128":534,"129":526,"130":526,"131":526,"132":526,"133":526,"134":526,"135":534,"136":8,"137":8,"138":534,"139":3,"140":3,"141":23,"142":23,"143":526,"144":526,"145":526,"146":526,"147":526,"148":526,"149":526,"150":120,"151":120,"152":120,"153":406,"154":167,"155":150,"156":128,"157":406,"158":45,"159":45,"160":406,"161":167,"162":167,"163":526,"164":526,"165":23,"166":23,"167":13,"168":10,"169":10,"170":10,"171":10,"172":10,"173":10,"174":10,"175":10,"176":10,"177":10,"178":10,"179":10,"180":10,"181":10,"182":10,"183":13,"184":3,"185":3,"186":3,"187":3,"188":3,"189":3,"190":3,"191":3,"192":3,"193":3,"194":3,"195":3,"196":3,"197":3,"198":3,"199":3,"200":3,"201":13,"202":23,"203":23,"204":23},"branchMap":{"0":{"type":"branch","line":7,"loc":{"start":{"line":7,"column":7},"end":{"line":205,"column":1}},"locations":[{"start":{"line":7,"column":7},"end":{"line":205,"column":1}}]},"1":{"type":"branch","line":16,"loc":{"start":{"line":16,"column":2},"end":{"line":36,"column":3}},"locations":[{"start":{"line":16,"column":2},"end":{"line":36,"column":3}}]},"2":{"type":"branch","line":19,"loc":{"start":{"line":19,"column":62},"end":{"line":19,"column":78}},"locations":[{"start":{"line":19,"column":62},"end":{"line":19,"column":78}}]},"3":{"type":"branch","line":20,"loc":{"start":{"line":20,"column":38},"end":{"line":33,"column":5}},"locations":[{"start":{"line":20,"column":38},"end":{"line":33,"column":5}}]},"4":{"type":"branch","line":21,"loc":{"start":{"line":21,"column":47},"end":{"line":32,"column":7}},"locations":[{"start":{"line":21,"column":47},"end":{"line":32,"column":7}}]},"5":{"type":"branch","line":39,"loc":{"start":{"line":39,"column":2},"end":{"line":61,"column":3}},"locations":[{"start":{"line":39,"column":2},"end":{"line":61,"column":3}}]},"6":{"type":"branch","line":45,"loc":{"start":{"line":45,"column":53},"end":{"line":58,"column":5}},"locations":[{"start":{"line":45,"column":53},"end":{"line":58,"column":5}}]},"7":{"type":"branch","line":49,"loc":{"start":{"line":49,"column":35},"end":{"line":51,"column":17}},"locations":[{"start":{"line":49,"column":35},"end":{"line":51,"column":17}}]},"8":{"type":"branch","line":51,"loc":{"start":{"line":51,"column":10},"end":{"line":55,"column":11}},"locations":[{"start":{"line":51,"column":10},"end":{"line":55,"column":11}}]},"9":{"type":"branch","line":46,"loc":{"start":{"line":46,"column":38},"end":{"line":46,"column":76}},"locations":[{"start":{"line":46,"column":38},"end":{"line":46,"column":76}}]},"10":{"type":"branch","line":67,"loc":{"start":{"line":67,"column":2},"end":{"line":88,"column":3}},"locations":[{"start":{"line":67,"column":2},"end":{"line":88,"column":3}}]},"11":{"type":"branch","line":73,"loc":{"start":{"line":73,"column":16},"end":{"line":82,"column":11}},"locations":[{"start":{"line":73,"column":16},"end":{"line":82,"column":11}}]},"12":{"type":"branch","line":74,"loc":{"start":{"line":74,"column":47},"end":{"line":81,"column":7}},"locations":[{"start":{"line":74,"column":47},"end":{"line":81,"column":7}}]},"13":{"type":"branch","line":75,"loc":{"start":{"line":75,"column":36},"end":{"line":78,"column":15}},"locations":[{"start":{"line":75,"column":36},"end":{"line":78,"column":15}}]},"14":{"type":"branch","line":78,"loc":{"start":{"line":78,"column":8},"end":{"line":80,"column":9}},"locations":[{"start":{"line":78,"column":8},"end":{"line":80,"column":9}}]},"15":{"type":"branch","line":82,"loc":{"start":{"line":82,"column":4},"end":{"line":86,"column":5}},"locations":[{"start":{"line":82,"column":4},"end":{"line":86,"column":5}}]},"16":{"type":"branch","line":83,"loc":{"start":{"line":83,"column":47},"end":{"line":85,"column":7}},"locations":[{"start":{"line":83,"column":47},"end":{"line":85,"column":7}}]},"17":{"type":"branch","line":90,"loc":{"start":{"line":90,"column":2},"end":{"line":99,"column":3}},"locations":[{"start":{"line":90,"column":2},"end":{"line":99,"column":3}}]},"18":{"type":"branch","line":92,"loc":{"start":{"line":92,"column":25},"end":{"line":92,"column":50}},"locations":[{"start":{"line":92,"column":25},"end":{"line":92,"column":50}}]},"19":{"type":"branch","line":92,"loc":{"start":{"line":92,"column":50},"end":{"line":94,"column":15}},"locations":[{"start":{"line":92,"column":50},"end":{"line":94,"column":15}}]},"20":{"type":"branch","line":94,"loc":{"start":{"line":94,"column":4},"end":{"line":98,"column":5}},"locations":[{"start":{"line":94,"column":4},"end":{"line":98,"column":5}}]},"21":{"type":"branch","line":94,"loc":{"start":{"line":94,"column":32},"end":{"line":94,"column":57}},"locations":[{"start":{"line":94,"column":32},"end":{"line":94,"column":57}}]},"22":{"type":"branch","line":94,"loc":{"start":{"line":94,"column":57},"end":{"line":96,"column":11}},"locations":[{"start":{"line":94,"column":57},"end":{"line":96,"column":11}}]},"23":{"type":"branch","line":96,"loc":{"start":{"line":96,"column":4},"end":{"line":98,"column":5}},"locations":[{"start":{"line":96,"column":4},"end":{"line":98,"column":5}}]},"24":{"type":"branch","line":101,"loc":{"start":{"line":101,"column":2},"end":{"line":122,"column":3}},"locations":[{"start":{"line":101,"column":2},"end":{"line":122,"column":3}}]},"25":{"type":"branch","line":106,"loc":{"start":{"line":106,"column":51},"end":{"line":112,"column":58}},"locations":[{"start":{"line":106,"column":51},"end":{"line":112,"column":58}}]},"26":{"type":"branch","line":112,"loc":{"start":{"line":112,"column":58},"end":{"line":121,"column":19}},"locations":[{"start":{"line":112,"column":58},"end":{"line":121,"column":19}}]},"27":{"type":"branch","line":107,"loc":{"start":{"line":107,"column":36},"end":{"line":107,"column":74}},"locations":[{"start":{"line":107,"column":36},"end":{"line":107,"column":74}}]},"28":{"type":"branch","line":114,"loc":{"start":{"line":114,"column":8},"end":{"line":114,"column":53}},"locations":[{"start":{"line":114,"column":8},"end":{"line":114,"column":53}}]},"29":{"type":"branch","line":124,"loc":{"start":{"line":124,"column":2},"end":{"line":141,"column":3}},"locations":[{"start":{"line":124,"column":2},"end":{"line":141,"column":3}}]},"30":{"type":"branch","line":128,"loc":{"start":{"line":128,"column":45},"end":{"line":139,"column":5}},"locations":[{"start":{"line":128,"column":45},"end":{"line":139,"column":5}}]},"31":{"type":"branch","line":129,"loc":{"start":{"line":129,"column":34},"end":{"line":136,"column":13}},"locations":[{"start":{"line":129,"column":34},"end":{"line":136,"column":13}}]},"32":{"type":"branch","line":136,"loc":{"start":{"line":136,"column":6},"end":{"line":138,"column":7}},"locations":[{"start":{"line":136,"column":6},"end":{"line":138,"column":7}}]},"33":{"type":"branch","line":143,"loc":{"start":{"line":143,"column":2},"end":{"line":165,"column":3}},"locations":[{"start":{"line":143,"column":2},"end":{"line":165,"column":3}}]},"34":{"type":"branch","line":150,"loc":{"start":{"line":150,"column":19},"end":{"line":150,"column":50}},"locations":[{"start":{"line":150,"column":19},"end":{"line":150,"column":50}}]},"35":{"type":"branch","line":150,"loc":{"start":{"line":150,"column":39},"end":{"line":150,"column":71}},"locations":[{"start":{"line":150,"column":39},"end":{"line":150,"column":71}}]},"36":{"type":"branch","line":150,"loc":{"start":{"line":150,"column":71},"end":{"line":153,"column":15}},"locations":[{"start":{"line":150,"column":71},"end":{"line":153,"column":15}}]},"37":{"type":"branch","line":153,"loc":{"start":{"line":153,"column":4},"end":{"line":163,"column":5}},"locations":[{"start":{"line":153,"column":4},"end":{"line":163,"column":5}}]},"38":{"type":"branch","line":154,"loc":{"start":{"line":154,"column":17},"end":{"line":155,"column":32}},"locations":[{"start":{"line":154,"column":17},"end":{"line":155,"column":32}}]},"39":{"type":"branch","line":155,"loc":{"start":{"line":155,"column":22},"end":{"line":156,"column":28}},"locations":[{"start":{"line":155,"column":22},"end":{"line":156,"column":28}}]},"40":{"type":"branch","line":156,"loc":{"start":{"line":156,"column":12},"end":{"line":157,"column":32}},"locations":[{"start":{"line":156,"column":12},"end":{"line":157,"column":32}}]},"41":{"type":"branch","line":158,"loc":{"start":{"line":158,"column":6},"end":{"line":161,"column":15}},"locations":[{"start":{"line":158,"column":6},"end":{"line":161,"column":15}}]},"42":{"type":"branch","line":161,"loc":{"start":{"line":161,"column":4},"end":{"line":163,"column":5}},"locations":[{"start":{"line":161,"column":4},"end":{"line":163,"column":5}}]},"43":{"type":"branch","line":161,"loc":{"start":{"line":161,"column":29},"end":{"line":163,"column":5}},"locations":[{"start":{"line":161,"column":29},"end":{"line":163,"column":5}}]},"44":{"type":"branch","line":167,"loc":{"start":{"line":167,"column":2},"end":{"line":202,"column":3}},"locations":[{"start":{"line":167,"column":2},"end":{"line":202,"column":3}}]},"45":{"type":"branch","line":168,"loc":{"start":{"line":168,"column":15},"end":{"line":184,"column":11}},"locations":[{"start":{"line":168,"column":15},"end":{"line":184,"column":11}}]},"46":{"type":"branch","line":184,"loc":{"start":{"line":184,"column":4},"end":{"line":201,"column":5}},"locations":[{"start":{"line":184,"column":4},"end":{"line":201,"column":5}}]}},"b":{"0":[23],"1":[13],"2":[0],"3":[415],"4":[2490],"5":[13],"6":[115],"7":[78],"8":[37],"9":[6137],"10":[13],"11":[3],"12":[534],"13":[526],"14":[8],"15":[10],"16":[1878],"17":[526],"18":[424],"19":[205],"20":[321],"21":[229],"22":[202],"23":[119],"24":[13],"25":[386],"26":[185],"27":[26602],"28":[12610],"29":[3],"30":[534],"31":[526],"32":[8],"33":[526],"34":[192],"35":[152],"36":[120],"37":[406],"38":[167],"39":[150],"40":[128],"41":[45],"42":[361],"43":[167],"44":[13],"45":[10],"46":[3]},"fnMap":{"0":{"name":"useSeatMap","decl":{"start":{"line":7,"column":7},"end":{"line":205,"column":1}},"loc":{"start":{"line":7,"column":7},"end":{"line":205,"column":1}},"line":7},"1":{"name":"createSeatMap","decl":{"start":{"line":16,"column":2},"end":{"line":36,"column":3}},"loc":{"start":{"line":16,"column":2},"end":{"line":36,"column":3}},"line":16},"2":{"name":"removeNonExistingSeats","decl":{"start":{"line":39,"column":2},"end":{"line":61,"column":3}},"loc":{"start":{"line":39,"column":2},"end":{"line":61,"column":3}},"line":39},"3":{"name":"addValuesToSeats","decl":{"start":{"line":67,"column":2},"end":{"line":88,"column":3}},"loc":{"start":{"line":67,"column":2},"end":{"line":88,"column":3}},"line":67},"4":{"name":"randomValue","decl":{"start":{"line":90,"column":2},"end":{"line":99,"column":3}},"loc":{"start":{"line":90,"column":2},"end":{"line":99,"column":3}},"line":90},"5":{"name":"addEvacuationRowsInfo","decl":{"start":{"line":101,"column":2},"end":{"line":122,"column":3}},"loc":{"start":{"line":101,"column":2},"end":{"line":122,"column":3}},"line":101},"6":{"name":"addPaxTypesInfo","decl":{"start":{"line":124,"column":2},"end":{"line":141,"column":3}},"loc":{"start":{"line":124,"column":2},"end":{"line":141,"column":3}},"line":124},"7":{"name":"randomPaxType","decl":{"start":{"line":143,"column":2},"end":{"line":165,"column":3}},"loc":{"start":{"line":143,"column":2},"end":{"line":165,"column":3}},"line":143},"8":{"name":"getRandomSeatMap","decl":{"start":{"line":167,"column":2},"end":{"line":202,"column":3}},"loc":{"start":{"line":167,"column":2},"end":{"line":202,"column":3}},"line":167}},"f":{"0":23,"1":13,"2":13,"3":13,"4":526,"5":13,"6":3,"7":526,"8":13}}
}
